#
# There is insufficient memory for the Java Runtime Environment to continue.
# Native memory allocation (mmap) failed to map 44040192 bytes for G1 virtual space
# Possible reasons:
#   The system is out of physical RAM or swap space
#   The process is running with CompressedOops enabled, and the Java Heap may be blocking the growth of the native heap
# Possible solutions:
#   Reduce memory load on the system
#   Increase physical memory or swap space
#   Check if swap backing store is full
#   Decrease Java heap size (-Xmx/-Xms)
#   Decrease number of Java threads
#   Decrease Java thread stack sizes (-Xss)
#   Set larger code cache with -XX:ReservedCodeCacheSize=
#   JVM is running with Unscaled Compressed Oops mode in which the Java heap is
#     placed in the first 4GB address space. The Java Heap base address is the
#     maximum limit for the native heap growth. Please use -XX:HeapBaseMinAddress
#     to set the Java Heap base and to place the Java Heap above 4GB virtual address.
# This output file may be truncated or incomplete.
#
#  Out of Memory Error (os_windows.cpp:3466), pid=9072, tid=10524
#
# JRE version: Java(TM) SE Runtime Environment (16.0.1+9) (build 16.0.1+9-24)
# Java VM: Java HotSpot(TM) 64-Bit Server VM (16.0.1+9-24, mixed mode, sharing, tiered, compressed oops, compressed class ptrs, g1 gc, windows-amd64)
# No core dump will be written. Minidumps are not enabled by default on client versions of Windows
#

---------------  S U M M A R Y ------------

Command Line: -Dfile.encoding=UTF-8 -XX:+ShowCodeDetailsInExceptionMessages com.medplus.online_shopping.OnlineShoppingApplication

Host: Intel(R) Core(TM) i5-4300U CPU @ 1.90GHz, 4 cores, 2G,  Windows 10 , 64 bit Build 19041 (10.0.19041.1741)
Time: Tue Aug 30 11:20:21 2022 India Standard Time elapsed time: 7.497426 seconds (0d 0h 0m 7s)

---------------  T H R E A D  ---------------

Current thread (0x00000210fef64d70):  VMThread "VM Thread" [stack: 0x0000006d10900000,0x0000006d10a00000] [id=10524]

Stack: [0x0000006d10900000,0x0000006d10a00000]
Native frames: (J=compiled Java code, j=interpreted, Vv=VM code, C=native code)
V  [jvm.dll+0x6687ca]
V  [jvm.dll+0x7ca3c9]
V  [jvm.dll+0x7cbb53]
V  [jvm.dll+0x7cc1b3]
V  [jvm.dll+0x242ea5]
V  [jvm.dll+0x665589]
V  [jvm.dll+0x65a175]
V  [jvm.dll+0x2fc5ab]
V  [jvm.dll+0x3037a6]
V  [jvm.dll+0x352fee]
V  [jvm.dll+0x35321f]
V  [jvm.dll+0x2d3618]
V  [jvm.dll+0x2d11a5]
V  [jvm.dll+0x2d07dc]
V  [jvm.dll+0x3158c2]
V  [jvm.dll+0x7d05eb]
V  [jvm.dll+0x7d12e4]
V  [jvm.dll+0x7d17e9]
V  [jvm.dll+0x7d1aa4]
V  [jvm.dll+0x7d1b70]
V  [jvm.dll+0x779b4a]
V  [jvm.dll+0x667666]
C  [ucrtbase.dll+0x21bb2]
C  [KERNEL32.DLL+0x17034]
C  [ntdll.dll+0x52651]

VM_Operation (0x0000006d120fbf60): G1CollectForAllocation, mode: safepoint, requested by thread 0x000002109b2b14d0


---------------  P R O C E S S  ---------------

Threads class SMR info:
_java_thread_list=0x0000021099d09f70, length=19, elements={
0x00000210fcf06250, 0x00000210fef698b0, 0x00000210fef6a380, 0x00000210fef75a80,
0x00000210fef770a0, 0x00000210fef776b0, 0x00000210fef7b1c0, 0x00000210fef84f20,
0x00000210fef89630, 0x00000210fef9dc80, 0x00000210ffc45fc0, 0x00000210ffc72110,
0x0000021098e59260, 0x0000021098e59780, 0x000002109b31f6a0, 0x000002109b029530,
0x000002109b2b04e0, 0x000002109b2afa40, 0x000002109b2b14d0
}

Java Threads: ( => current thread )
  0x00000210fcf06250 JavaThread "main" [_thread_blocked, id=9832, stack(0x0000006d10300000,0x0000006d10400000)]
  0x00000210fef698b0 JavaThread "Reference Handler" daemon [_thread_blocked, id=1908, stack(0x0000006d10a00000,0x0000006d10b00000)]
  0x00000210fef6a380 JavaThread "Finalizer" daemon [_thread_blocked, id=10772, stack(0x0000006d10b00000,0x0000006d10c00000)]
  0x00000210fef75a80 JavaThread "Signal Dispatcher" daemon [_thread_blocked, id=14604, stack(0x0000006d10c00000,0x0000006d10d00000)]
  0x00000210fef770a0 JavaThread "Attach Listener" daemon [_thread_blocked, id=6660, stack(0x0000006d10d00000,0x0000006d10e00000)]
  0x00000210fef776b0 JavaThread "Service Thread" daemon [_thread_blocked, id=9948, stack(0x0000006d10e00000,0x0000006d10f00000)]
  0x00000210fef7b1c0 JavaThread "Monitor Deflation Thread" daemon [_thread_blocked, id=2912, stack(0x0000006d10f00000,0x0000006d11000000)]
  0x00000210fef84f20 JavaThread "C2 CompilerThread0" daemon [_thread_blocked, id=3936, stack(0x0000006d11000000,0x0000006d11100000)]
  0x00000210fef89630 JavaThread "C1 CompilerThread0" daemon [_thread_blocked, id=14976, stack(0x0000006d11100000,0x0000006d11200000)]
  0x00000210fef9dc80 JavaThread "Sweeper thread" daemon [_thread_blocked, id=16740, stack(0x0000006d11200000,0x0000006d11300000)]
  0x00000210ffc45fc0 JavaThread "Notification Thread" daemon [_thread_blocked, id=14352, stack(0x0000006d11300000,0x0000006d11400000)]
  0x00000210ffc72110 JavaThread "Common-Cleaner" daemon [_thread_blocked, id=5208, stack(0x0000006d11500000,0x0000006d11600000)]
  0x0000021098e59260 JavaThread "Thread-0" [_thread_blocked, id=2448, stack(0x0000006d11a00000,0x0000006d11b00000)]
  0x0000021098e59780 JavaThread "restartedMain" [_thread_blocked, id=16368, stack(0x0000006d11b00000,0x0000006d11c00000)]
  0x000002109b31f6a0 JavaThread "Catalina-utility-1" [_thread_blocked, id=16160, stack(0x0000006d11c00000,0x0000006d11d00000)]
  0x000002109b029530 JavaThread "Catalina-utility-2" [_thread_blocked, id=18136, stack(0x0000006d11d00000,0x0000006d11e00000)]
  0x000002109b2b04e0 JavaThread "container-0" [_thread_blocked, id=15920, stack(0x0000006d11e00000,0x0000006d11f00000)]
  0x000002109b2afa40 JavaThread "mysql-cj-abandoned-connection-cleanup" daemon [_thread_blocked, id=9940, stack(0x0000006d11f00000,0x0000006d12000000)]
  0x000002109b2b14d0 JavaThread "task-1" [_thread_blocked, id=2716, stack(0x0000006d12000000,0x0000006d12100000)]

Other Threads:
=>0x00000210fef64d70 VMThread "VM Thread" [stack: 0x0000006d10900000,0x0000006d10a00000] [id=10524]
  0x00000210ffc664f0 WatcherThread [stack: 0x0000006d11400000,0x0000006d11500000] [id=10716]
  0x00000210fcf2c2d0 GCTaskThread "GC Thread#0" [stack: 0x0000006d10400000,0x0000006d10500000] [id=10912]
  0x0000021098bd4570 GCTaskThread "GC Thread#1" [stack: 0x0000006d11600000,0x0000006d11700000] [id=11784]
  0x0000021098c050d0 GCTaskThread "GC Thread#2" [stack: 0x0000006d11700000,0x0000006d11800000] [id=12352]
  0x0000021098bd4880 GCTaskThread "GC Thread#3" [stack: 0x0000006d11800000,0x0000006d11900000] [id=13848]
  0x00000210fcf345a0 ConcurrentGCThread "G1 Main Marker" [stack: 0x0000006d10500000,0x0000006d10600000] [id=13584]
  0x00000210fcf36170 ConcurrentGCThread "G1 Conc#0" [stack: 0x0000006d10600000,0x0000006d10700000] [id=8348]
  0x00000210fcf71340 ConcurrentGCThread "G1 Refine#0" [stack: 0x0000006d10700000,0x0000006d10800000] [id=17904]
  0x0000021098bd4b90 ConcurrentGCThread "G1 Refine#1" [stack: 0x0000006d11900000,0x0000006d11a00000] [id=12700]
  0x00000210fcf71e40 ConcurrentGCThread "G1 Service" [stack: 0x0000006d10800000,0x0000006d10900000] [id=10068]

Threads with active compile tasks:
C2 CompilerThread0     7555 4000       4       org.springframework.core.annotation.AnnotationsScanner::getDeclaredAnnotations (166 bytes)

VM state: at safepoint (normal execution)

VM Mutex/Monitor currently owned by a thread:  ([mutex/lock_event])
[0x00000210fcf03a20] Threads_lock - owner thread: 0x00000210fef64d70
[0x00000210fcf02af0] Heap_lock - owner thread: 0x000002109b2b14d0

Heap address: 0x00000000d1400000, size: 748 MB, Compressed Oops mode: 32-bit

CDS archive(s) mapped at: [0x0000000800000000-0x0000000800bb0000-0x0000000800bb0000), size 12255232, SharedBaseAddress: 0x0000000800000000, ArchiveRelocationMode: 0.
Compressed class space mapped at: 0x0000000800c00000-0x0000000840c00000, reserved size: 1073741824
Narrow klass base: 0x0000000800000000, Narrow klass shift: 3, Narrow klass range: 0x100000000

GC Precious Log:
 CPUs: 4 total, 4 available
 Memory: 2987M
 Large Page Support: Disabled
 NUMA Support: Disabled
 Compressed Oops: Enabled (32-bit)
 Heap Region Size: 1M
 Heap Min Capacity: 8M
 Heap Initial Capacity: 48M
 Heap Max Capacity: 748M
 Pre-touch: Disabled
 Parallel Workers: 4
 Concurrent Workers: 1
 Concurrent Refinement Workers: 4
 Periodic GC: Disabled

Heap:
 garbage-first heap   total 98304K, used 18307K [0x00000000d1400000, 0x0000000100000000)
  region size 1024K, 2 young (2048K), 2 survivors (2048K)
 Metaspace       used 29707K, committed 30016K, reserved 1081344K
  class space    used 3688K, committed 3840K, reserved 1048576K

Heap Regions: E=young(eden), S=young(survivor), O=old, HS=humongous(starts), HC=humongous(continues), CS=collection set, F=free, OA=open archive, CA=closed archive, TAMS=top-at-mark-start (previous, next)
|   0|0x00000000d1400000, 0x00000000d1500000, 0x00000000d1500000|100%|HS|  |TAMS 0x00000000d1500000, 0x00000000d1400000| Complete 
|   1|0x00000000d1500000, 0x00000000d1600000, 0x00000000d1600000|100%| O|  |TAMS 0x00000000d1600000, 0x00000000d1500000| Untracked 
|   2|0x00000000d1600000, 0x00000000d1700000, 0x00000000d1700000|100%| O|  |TAMS 0x00000000d1700000, 0x00000000d1600000| Untracked 
|   3|0x00000000d1700000, 0x00000000d1800000, 0x00000000d1800000|100%| O|  |TAMS 0x00000000d1800000, 0x00000000d1700000| Untracked 
|   4|0x00000000d1800000, 0x00000000d1900000, 0x00000000d1900000|100%| O|  |TAMS 0x00000000d1900000, 0x00000000d1800000| Untracked 
|   5|0x00000000d1900000, 0x00000000d1a00000, 0x00000000d1a00000|100%| O|  |TAMS 0x00000000d1a00000, 0x00000000d1900000| Untracked 
|   6|0x00000000d1a00000, 0x00000000d1b00000, 0x00000000d1b00000|100%| O|  |TAMS 0x00000000d1b00000, 0x00000000d1a00000| Untracked 
|   7|0x00000000d1b00000, 0x00000000d1c00000, 0x00000000d1c00000|100%| O|  |TAMS 0x00000000d1c00000, 0x00000000d1b00000| Untracked 
|   8|0x00000000d1c00000, 0x00000000d1d00000, 0x00000000d1d00000|100%| O|  |TAMS 0x00000000d1d00000, 0x00000000d1c00000| Untracked 
|   9|0x00000000d1d00000, 0x00000000d1d30200, 0x00000000d1e00000| 18%| O|  |TAMS 0x00000000d1d30200, 0x00000000d1d00000| Untracked 
|  10|0x00000000d1e00000, 0x00000000d1f00000, 0x00000000d1f00000|100%| O|  |TAMS 0x00000000d1e00000, 0x00000000d1e00000| Untracked 
|  11|0x00000000d1f00000, 0x00000000d2000000, 0x00000000d2000000|100%| O|  |TAMS 0x00000000d1f00000, 0x00000000d1f00000| Untracked 
|  12|0x00000000d2000000, 0x00000000d2100000, 0x00000000d2100000|100%| O|  |TAMS 0x00000000d2000000, 0x00000000d2000000| Untracked 
|  13|0x00000000d2100000, 0x00000000d2200000, 0x00000000d2200000|100%| O|  |TAMS 0x00000000d2100000, 0x00000000d2100000| Untracked 
|  14|0x00000000d2200000, 0x00000000d2300000, 0x00000000d2300000|100%| O|  |TAMS 0x00000000d2200000, 0x00000000d2200000| Untracked 
|  15|0x00000000d2300000, 0x00000000d2400000, 0x00000000d2400000|100%| O|  |TAMS 0x00000000d2300000, 0x00000000d2300000| Untracked 
|  16|0x00000000d2400000, 0x00000000d24d2c00, 0x00000000d2500000| 82%| O|  |TAMS 0x00000000d2400000, 0x00000000d2400000| Untracked 
|  17|0x00000000d2500000, 0x00000000d2500000, 0x00000000d2600000|  0%| F|  |TAMS 0x00000000d2500000, 0x00000000d2500000| Untracked 
|  18|0x00000000d2600000, 0x00000000d2600000, 0x00000000d2700000|  0%| F|  |TAMS 0x00000000d2600000, 0x00000000d2600000| Untracked 
|  19|0x00000000d2700000, 0x00000000d2700000, 0x00000000d2800000|  0%| F|  |TAMS 0x00000000d2700000, 0x00000000d2700000| Untracked 
|  20|0x00000000d2800000, 0x00000000d2800000, 0x00000000d2900000|  0%| F|  |TAMS 0x00000000d2800000, 0x00000000d2800000| Untracked 
|  21|0x00000000d2900000, 0x00000000d2900000, 0x00000000d2a00000|  0%| F|  |TAMS 0x00000000d2900000, 0x00000000d2900000| Untracked 
|  22|0x00000000d2a00000, 0x00000000d2a00000, 0x00000000d2b00000|  0%| F|  |TAMS 0x00000000d2a00000, 0x00000000d2a00000| Untracked 
|  23|0x00000000d2b00000, 0x00000000d2b00000, 0x00000000d2c00000|  0%| F|  |TAMS 0x00000000d2b00000, 0x00000000d2b00000| Untracked 
|  24|0x00000000d2c00000, 0x00000000d2c00000, 0x00000000d2d00000|  0%| F|  |TAMS 0x00000000d2c00000, 0x00000000d2c00000| Untracked 
|  25|0x00000000d2d00000, 0x00000000d2dddf20, 0x00000000d2e00000| 86%| S|CS|TAMS 0x00000000d2d00000, 0x00000000d2d00000| Complete 
|  26|0x00000000d2e00000, 0x00000000d2f00000, 0x00000000d2f00000|100%| S|CS|TAMS 0x00000000d2e00000, 0x00000000d2e00000| Complete 
|  27|0x00000000d2f00000, 0x00000000d2f00000, 0x00000000d3000000|  0%| F|  |TAMS 0x00000000d2f00000, 0x00000000d2f00000| Untracked 
|  28|0x00000000d3000000, 0x00000000d3000000, 0x00000000d3100000|  0%| F|  |TAMS 0x00000000d3000000, 0x00000000d3000000| Untracked 
|  29|0x00000000d3100000, 0x00000000d3100000, 0x00000000d3200000|  0%| F|  |TAMS 0x00000000d3100000, 0x00000000d3100000| Untracked 
|  30|0x00000000d3200000, 0x00000000d3200000, 0x00000000d3300000|  0%| F|  |TAMS 0x00000000d3200000, 0x00000000d3200000| Untracked 
|  31|0x00000000d3300000, 0x00000000d3300000, 0x00000000d3400000|  0%| F|  |TAMS 0x00000000d3300000, 0x00000000d3300000| Untracked 
|  32|0x00000000d3400000, 0x00000000d3400000, 0x00000000d3500000|  0%| F|  |TAMS 0x00000000d3400000, 0x00000000d3400000| Untracked 
|  33|0x00000000d3500000, 0x00000000d3500000, 0x00000000d3600000|  0%| F|  |TAMS 0x00000000d3500000, 0x00000000d3500000| Untracked 
|  34|0x00000000d3600000, 0x00000000d3600000, 0x00000000d3700000|  0%| F|  |TAMS 0x00000000d3600000, 0x00000000d3600000| Untracked 
|  35|0x00000000d3700000, 0x00000000d3700000, 0x00000000d3800000|  0%| F|  |TAMS 0x00000000d3700000, 0x00000000d3700000| Untracked 
|  36|0x00000000d3800000, 0x00000000d3800000, 0x00000000d3900000|  0%| F|  |TAMS 0x00000000d3800000, 0x00000000d3800000| Untracked 
|  37|0x00000000d3900000, 0x00000000d3900000, 0x00000000d3a00000|  0%| F|  |TAMS 0x00000000d3900000, 0x00000000d3900000| Untracked 
|  38|0x00000000d3a00000, 0x00000000d3a00000, 0x00000000d3b00000|  0%| F|  |TAMS 0x00000000d3a00000, 0x00000000d3a00000| Untracked 
|  39|0x00000000d3b00000, 0x00000000d3b00000, 0x00000000d3c00000|  0%| F|  |TAMS 0x00000000d3b00000, 0x00000000d3b00000| Untracked 
|  40|0x00000000d3c00000, 0x00000000d3c00000, 0x00000000d3d00000|  0%| F|  |TAMS 0x00000000d3c00000, 0x00000000d3c00000| Untracked 
|  41|0x00000000d3d00000, 0x00000000d3d00000, 0x00000000d3e00000|  0%| F|  |TAMS 0x00000000d3d00000, 0x00000000d3d00000| Untracked 
|  42|0x00000000d3e00000, 0x00000000d3e00000, 0x00000000d3f00000|  0%| F|  |TAMS 0x00000000d3e00000, 0x00000000d3e00000| Untracked 
|  43|0x00000000d3f00000, 0x00000000d3f00000, 0x00000000d4000000|  0%| F|  |TAMS 0x00000000d3f00000, 0x00000000d3f00000| Untracked 
|  44|0x00000000d4000000, 0x00000000d4000000, 0x00000000d4100000|  0%| F|  |TAMS 0x00000000d4000000, 0x00000000d4000000| Untracked 
|  45|0x00000000d4100000, 0x00000000d4100000, 0x00000000d4200000|  0%| F|  |TAMS 0x00000000d4100000, 0x00000000d4100000| Untracked 
|  46|0x00000000d4200000, 0x00000000d4200000, 0x00000000d4300000|  0%| F|  |TAMS 0x00000000d4200000, 0x00000000d4200000| Untracked 
|  47|0x00000000d4300000, 0x00000000d4300000, 0x00000000d4400000|  0%| F|  |TAMS 0x00000000d4300000, 0x00000000d4300000| Untracked 
|  48|0x00000000d4400000, 0x00000000d4400000, 0x00000000d4500000|  0%| F|  |TAMS 0x00000000d4400000, 0x00000000d4400000| Untracked 
|  49|0x00000000d4500000, 0x00000000d4500000, 0x00000000d4600000|  0%| F|  |TAMS 0x00000000d4500000, 0x00000000d4500000| Untracked 
|  50|0x00000000d4600000, 0x00000000d4600000, 0x00000000d4700000|  0%| F|  |TAMS 0x00000000d4600000, 0x00000000d4600000| Untracked 
|  51|0x00000000d4700000, 0x00000000d4700000, 0x00000000d4800000|  0%| F|  |TAMS 0x00000000d4700000, 0x00000000d4700000| Untracked 
|  52|0x00000000d4800000, 0x00000000d4800000, 0x00000000d4900000|  0%| F|  |TAMS 0x00000000d4800000, 0x00000000d4800000| Untracked 
|  53|0x00000000d4900000, 0x00000000d4900000, 0x00000000d4a00000|  0%| F|  |TAMS 0x00000000d4900000, 0x00000000d4900000| Untracked 
|  54|0x00000000d4a00000, 0x00000000d4a00000, 0x00000000d4b00000|  0%| F|  |TAMS 0x00000000d4a00000, 0x00000000d4a00000| Untracked 
|  55|0x00000000d4b00000, 0x00000000d4b00000, 0x00000000d4c00000|  0%| F|  |TAMS 0x00000000d4b00000, 0x00000000d4b00000| Untracked 
|  56|0x00000000d4c00000, 0x00000000d4c00000, 0x00000000d4d00000|  0%| F|  |TAMS 0x00000000d4c00000, 0x00000000d4c00000| Untracked 
|  57|0x00000000d4d00000, 0x00000000d4d00000, 0x00000000d4e00000|  0%| F|  |TAMS 0x00000000d4d00000, 0x00000000d4d00000| Untracked 
|  58|0x00000000d4e00000, 0x00000000d4e00000, 0x00000000d4f00000|  0%| F|  |TAMS 0x00000000d4e00000, 0x00000000d4e00000| Untracked 
|  59|0x00000000d4f00000, 0x00000000d4f00000, 0x00000000d5000000|  0%| F|  |TAMS 0x00000000d4f00000, 0x00000000d4f00000| Untracked 
|  60|0x00000000d5000000, 0x00000000d5000000, 0x00000000d5100000|  0%| F|  |TAMS 0x00000000d5000000, 0x00000000d5000000| Untracked 
|  61|0x00000000d5100000, 0x00000000d5100000, 0x00000000d5200000|  0%| F|  |TAMS 0x00000000d5100000, 0x00000000d5100000| Untracked 
|  62|0x00000000d5200000, 0x00000000d5200000, 0x00000000d5300000|  0%| F|  |TAMS 0x00000000d5200000, 0x00000000d5200000| Untracked 
|  63|0x00000000d5300000, 0x00000000d5300000, 0x00000000d5400000|  0%| F|  |TAMS 0x00000000d5300000, 0x00000000d5300000| Untracked 
|  64|0x00000000d5400000, 0x00000000d5400000, 0x00000000d5500000|  0%| F|  |TAMS 0x00000000d5400000, 0x00000000d5400000| Untracked 
|  65|0x00000000d5500000, 0x00000000d5500000, 0x00000000d5600000|  0%| F|  |TAMS 0x00000000d5500000, 0x00000000d5500000| Untracked 
|  66|0x00000000d5600000, 0x00000000d5600000, 0x00000000d5700000|  0%| F|  |TAMS 0x00000000d5600000, 0x00000000d5600000| Untracked 
|  67|0x00000000d5700000, 0x00000000d5700000, 0x00000000d5800000|  0%| F|  |TAMS 0x00000000d5700000, 0x00000000d5700000| Untracked 
|  68|0x00000000d5800000, 0x00000000d5800000, 0x00000000d5900000|  0%| F|  |TAMS 0x00000000d5800000, 0x00000000d5800000| Untracked 
|  69|0x00000000d5900000, 0x00000000d5900000, 0x00000000d5a00000|  0%| F|  |TAMS 0x00000000d5900000, 0x00000000d5900000| Untracked 
|  70|0x00000000d5a00000, 0x00000000d5a00000, 0x00000000d5b00000|  0%| F|  |TAMS 0x00000000d5a00000, 0x00000000d5a00000| Untracked 
|  71|0x00000000d5b00000, 0x00000000d5b00000, 0x00000000d5c00000|  0%| F|  |TAMS 0x00000000d5b00000, 0x00000000d5b00000| Untracked 
|  72|0x00000000d5c00000, 0x00000000d5c00000, 0x00000000d5d00000|  0%| F|  |TAMS 0x00000000d5c00000, 0x00000000d5c00000| Untracked 
|  73|0x00000000d5d00000, 0x00000000d5d00000, 0x00000000d5e00000|  0%| F|  |TAMS 0x00000000d5d00000, 0x00000000d5d00000| Untracked 
|  74|0x00000000d5e00000, 0x00000000d5e00000, 0x00000000d5f00000|  0%| F|  |TAMS 0x00000000d5e00000, 0x00000000d5e00000| Untracked 
|  75|0x00000000d5f00000, 0x00000000d5f00000, 0x00000000d6000000|  0%| F|  |TAMS 0x00000000d5f00000, 0x00000000d5f00000| Untracked 
|  76|0x00000000d6000000, 0x00000000d6000000, 0x00000000d6100000|  0%| F|  |TAMS 0x00000000d6000000, 0x00000000d6000000| Untracked 
|  77|0x00000000d6100000, 0x00000000d6100000, 0x00000000d6200000|  0%| F|  |TAMS 0x00000000d6100000, 0x00000000d6100000| Untracked 
|  78|0x00000000d6200000, 0x00000000d6200000, 0x00000000d6300000|  0%| F|  |TAMS 0x00000000d6200000, 0x00000000d6200000| Untracked 
|  79|0x00000000d6300000, 0x00000000d6300000, 0x00000000d6400000|  0%| F|  |TAMS 0x00000000d6300000, 0x00000000d6300000| Untracked 
|  80|0x00000000d6400000, 0x00000000d6400000, 0x00000000d6500000|  0%| F|  |TAMS 0x00000000d6400000, 0x00000000d6400000| Untracked 
|  81|0x00000000d6500000, 0x00000000d6500000, 0x00000000d6600000|  0%| F|  |TAMS 0x00000000d6500000, 0x00000000d6500000| Untracked 
|  82|0x00000000d6600000, 0x00000000d6600000, 0x00000000d6700000|  0%| F|  |TAMS 0x00000000d6600000, 0x00000000d6600000| Untracked 
|  83|0x00000000d6700000, 0x00000000d6700000, 0x00000000d6800000|  0%| F|  |TAMS 0x00000000d6700000, 0x00000000d6700000| Untracked 
|  84|0x00000000d6800000, 0x00000000d6800000, 0x00000000d6900000|  0%| F|  |TAMS 0x00000000d6800000, 0x00000000d6800000| Untracked 
|  85|0x00000000d6900000, 0x00000000d6900000, 0x00000000d6a00000|  0%| F|  |TAMS 0x00000000d6900000, 0x00000000d6900000| Untracked 
|  86|0x00000000d6a00000, 0x00000000d6a00000, 0x00000000d6b00000|  0%| F|  |TAMS 0x00000000d6a00000, 0x00000000d6a00000| Untracked 
|  87|0x00000000d6b00000, 0x00000000d6b00000, 0x00000000d6c00000|  0%| F|  |TAMS 0x00000000d6b00000, 0x00000000d6b00000| Untracked 
|  88|0x00000000d6c00000, 0x00000000d6c00000, 0x00000000d6d00000|  0%| F|  |TAMS 0x00000000d6c00000, 0x00000000d6c00000| Untracked 
|  89|0x00000000d6d00000, 0x00000000d6d00000, 0x00000000d6e00000|  0%| F|  |TAMS 0x00000000d6d00000, 0x00000000d6d00000| Untracked 
|  90|0x00000000d6e00000, 0x00000000d6e00000, 0x00000000d6f00000|  0%| F|  |TAMS 0x00000000d6e00000, 0x00000000d6e00000| Untracked 
|  91|0x00000000d6f00000, 0x00000000d6f00000, 0x00000000d7000000|  0%| F|  |TAMS 0x00000000d6f00000, 0x00000000d6f00000| Untracked 
|  92|0x00000000d7000000, 0x00000000d7000000, 0x00000000d7100000|  0%| F|  |TAMS 0x00000000d7000000, 0x00000000d7000000| Untracked 
|  93|0x00000000d7100000, 0x00000000d7100000, 0x00000000d7200000|  0%| F|  |TAMS 0x00000000d7100000, 0x00000000d7100000| Untracked 
|  94|0x00000000d7200000, 0x00000000d7200000, 0x00000000d7300000|  0%| F|  |TAMS 0x00000000d7200000, 0x00000000d7200000| Untracked 
|  95|0x00000000d7300000, 0x00000000d7300000, 0x00000000d7400000|  0%| F|  |TAMS 0x00000000d7300000, 0x00000000d7300000| Untracked 

Card table byte_map: [0x00000210fcfd0000,0x00000210fd150000] _byte_map_base: 0x00000210fc946000

Marking Bits (Prev, Next): (CMBitMap*) 0x00000210fcf2de10, (CMBitMap*) 0x00000210fcf2ddd0
 Prev Bits: [0x00000210fde80000, 0x00000210fea30000)
 Next Bits: [0x00000210fd2d0000, 0x00000210fde80000)

Polling page: 0x00000210face0000

Metaspace:

Usage:
  Non-class:     25.41 MB used.
      Class:      3.60 MB used.
       Both:     29.01 MB used.

Virtual space:
  Non-class space:       32.00 MB reserved,      25.56 MB ( 80%) committed,  4 nodes.
      Class space:        1.00 GB reserved,       3.75 MB ( <1%) committed,  1 nodes.
              Both:        1.03 GB reserved,      29.31 MB (  3%) committed. 

Chunk freelists:
   Non-Class:  2.33 MB
       Class:  128.00 KB
        Both:  2.45 MB

MaxMetaspaceSize: 17179869184.00 GB
CompressedClassSpaceSize: 1.00 GB
 - commit_granule_bytes: 65536.
 - commit_granule_words: 8192.
 - virtual_space_node_default_size: 1048576.
 - enlarge_chunks_in_place: 1.
 - new_chunks_are_fully_committed: 0.
 - uncommit_free_chunks: 1.
 - use_allocation_guard: 0.
 - handle_deallocations: 1.


Internal statistics:

num_allocs_failed_limit: 3.
num_arena_births: 298.
num_arena_deaths: 0.
num_vsnodes_births: 5.
num_vsnodes_deaths: 0.
num_space_committed: 469.
num_space_uncommitted: 0.
num_chunks_returned_to_freelist: 3.
num_chunks_taken_from_freelist: 1401.
num_chunk_merges: 3.
num_chunk_splits: 928.
num_chunks_enlarged: 688.
num_purges: 0.

CodeHeap 'non-profiled nmethods': size=120000Kb used=1694Kb max_used=1694Kb free=118305Kb
 bounds [0x000002108f170000, 0x000002108f3e0000, 0x00000210966a0000]
CodeHeap 'profiled nmethods': size=120000Kb used=8665Kb max_used=8665Kb free=111334Kb
 bounds [0x0000021087c40000, 0x00000210884c0000, 0x000002108f170000]
CodeHeap 'non-nmethods': size=5760Kb used=1221Kb max_used=1252Kb free=4539Kb
 bounds [0x00000210876a0000, 0x0000021087910000, 0x0000021087c40000]
 total_blobs=4516 nmethods=4000 adapters=428
 compilation: enabled
              stopped_count=0, restarted_count=0
 full_count=0

Compilation events (20 events):
Event: 7.355 Thread 0x00000210fef89630 4056       2       org.springframework.core.ResolvableType$1::<init> (12 bytes)
Event: 7.355 Thread 0x00000210fef89630 nmethod 4056 0x00000210884b0310 code [0x00000210884b04c0, 0x00000210884b0628]
Event: 7.360 Thread 0x00000210fef89630 4059       2       org.springframework.core.ResolvableType::forType (7 bytes)
Event: 7.360 Thread 0x00000210fef89630 nmethod 4059 0x00000210884b0710 code [0x00000210884b08c0, 0x00000210884b09c8]
Event: 7.361 Thread 0x00000210fef89630 4060       2       org.springframework.aop.support.AopUtils::canApply (206 bytes)
Event: 7.363 Thread 0x00000210fef89630 nmethod 4060 0x00000210884b0a90 code [0x00000210884b0e00, 0x00000210884b1aa8]
Event: 7.363 Thread 0x00000210fef89630 4061   !   2       jdk.proxy2.$Proxy74::annotationType (29 bytes)
Event: 7.364 Thread 0x00000210fef89630 nmethod 4061 0x00000210884b2290 code [0x00000210884b2460, 0x00000210884b26f8]
Event: 7.364 Thread 0x00000210fef89630 4062       2       org.springframework.core.annotation.TypeMappedAnnotations::isPresent (39 bytes)
Event: 7.364 Thread 0x00000210fef89630 nmethod 4062 0x00000210884b2890 code [0x00000210884b2a60, 0x00000210884b2d08]
Event: 7.368 Thread 0x00000210fef89630 4063   !   2       jdk.proxy2.$Proxy49::annotationType (29 bytes)
Event: 7.369 Thread 0x00000210fef89630 nmethod 4063 0x00000210884b2e90 code [0x00000210884b3060, 0x00000210884b32f8]
Event: 7.369 Thread 0x00000210fef89630 4064   !   2       jdk.proxy2.$Proxy50::annotationType (29 bytes)
Event: 7.369 Thread 0x00000210fef89630 nmethod 4064 0x00000210884b3490 code [0x00000210884b3660, 0x00000210884b38f8]
Event: 7.370 Thread 0x00000210fef89630 4065       2       jdk.internal.loader.BuiltinClassLoader::findResources (182 bytes)
Event: 7.372 Thread 0x00000210fef89630 nmethod 4065 0x00000210884b3a90 code [0x00000210884b3d60, 0x00000210884b4968]
Event: 7.372 Thread 0x00000210fef89630 4066       2       jdk.internal.loader.BuiltinClassLoader::findResourcesOnClassPath (43 bytes)
Event: 7.373 Thread 0x00000210fef89630 nmethod 4066 0x00000210884b5110 code [0x00000210884b5300, 0x00000210884b55d8]
Event: 7.373 Thread 0x00000210fef89630 4067   !   2       org.springframework.util.ReflectionUtils::getDeclaredFields (104 bytes)
Event: 7.374 Thread 0x00000210fef89630 nmethod 4067 0x00000210884b5790 code [0x00000210884b5a40, 0x00000210884b6228]

GC Heap History (20 events):
Event: 1.411 GC heap after
{Heap after GC invocations=4 (full 0):
 garbage-first heap   total 49152K, used 7779K [0x00000000d1400000, 0x0000000100000000)
  region size 1024K, 1 young (1024K), 1 survivors (1024K)
 Metaspace       used 5120K, committed 5312K, reserved 1056768K
  class space    used 557K, committed 640K, reserved 1048576K
}
Event: 2.160 GC heap before
{Heap before GC invocations=4 (full 0):
 garbage-first heap   total 49152K, used 34403K [0x00000000d1400000, 0x0000000100000000)
  region size 1024K, 28 young (28672K), 1 survivors (1024K)
 Metaspace       used 12344K, committed 12544K, reserved 1064960K
  class space    used 1464K, committed 1536K, reserved 1048576K
}
Event: 2.165 GC heap after
{Heap after GC invocations=5 (full 0):
 garbage-first heap   total 49152K, used 9564K [0x00000000d1400000, 0x0000000100000000)
  region size 1024K, 3 young (3072K), 3 survivors (3072K)
 Metaspace       used 12344K, committed 12544K, reserved 1064960K
  class space    used 1464K, committed 1536K, reserved 1048576K
}
Event: 2.798 GC heap before
{Heap before GC invocations=5 (full 0):
 garbage-first heap   total 49152K, used 34140K [0x00000000d1400000, 0x0000000100000000)
  region size 1024K, 27 young (27648K), 3 survivors (3072K)
 Metaspace       used 14970K, committed 15232K, reserved 1064960K
  class space    used 1781K, committed 1920K, reserved 1048576K
}
Event: 2.804 GC heap after
{Heap after GC invocations=6 (full 0):
 garbage-first heap   total 49152K, used 10786K [0x00000000d1400000, 0x0000000100000000)
  region size 1024K, 3 young (3072K), 3 survivors (3072K)
 Metaspace       used 14970K, committed 15232K, reserved 1064960K
  class space    used 1781K, committed 1920K, reserved 1048576K
}
Event: 2.959 GC heap before
{Heap before GC invocations=6 (full 0):
 garbage-first heap   total 49152K, used 34338K [0x00000000d1400000, 0x0000000100000000)
  region size 1024K, 27 young (27648K), 3 survivors (3072K)
 Metaspace       used 15329K, committed 15552K, reserved 1064960K
  class space    used 1824K, committed 1920K, reserved 1048576K
}
Event: 2.964 GC heap after
{Heap after GC invocations=7 (full 0):
 garbage-first heap   total 98304K, used 11456K [0x00000000d1400000, 0x0000000100000000)
  region size 1024K, 2 young (2048K), 2 survivors (2048K)
 Metaspace       used 15329K, committed 15552K, reserved 1064960K
  class space    used 1824K, committed 1920K, reserved 1048576K
}
Event: 4.430 GC heap before
{Heap before GC invocations=7 (full 0):
 garbage-first heap   total 98304K, used 66752K [0x00000000d1400000, 0x0000000100000000)
  region size 1024K, 57 young (58368K), 2 survivors (2048K)
 Metaspace       used 19651K, committed 19968K, reserved 1073152K
  class space    used 2399K, committed 2560K, reserved 1048576K
}
Event: 4.438 GC heap after
{Heap after GC invocations=8 (full 0):
 garbage-first heap   total 98304K, used 13268K [0x00000000d1400000, 0x0000000100000000)
  region size 1024K, 4 young (4096K), 4 survivors (4096K)
 Metaspace       used 19651K, committed 19968K, reserved 1073152K
  class space    used 2399K, committed 2560K, reserved 1048576K
}
Event: 4.968 GC heap before
{Heap before GC invocations=8 (full 0):
 garbage-first heap   total 98304K, used 20436K [0x00000000d1400000, 0x0000000100000000)
  region size 1024K, 12 young (12288K), 4 survivors (4096K)
 Metaspace       used 21041K, committed 21248K, reserved 1073152K
  class space    used 2579K, committed 2688K, reserved 1048576K
}
Event: 4.985 GC heap after
{Heap after GC invocations=9 (full 0):
 garbage-first heap   total 98304K, used 13822K [0x00000000d1400000, 0x0000000100000000)
  region size 1024K, 5 young (5120K), 5 survivors (5120K)
 Metaspace       used 21041K, committed 21248K, reserved 1073152K
  class space    used 2579K, committed 2688K, reserved 1048576K
}
Event: 6.377 GC heap before
{Heap before GC invocations=10 (full 0):
 garbage-first heap   total 55296K, used 41470K [0x00000000d1400000, 0x0000000100000000)
  region size 1024K, 32 young (32768K), 5 survivors (5120K)
 Metaspace       used 25389K, committed 25664K, reserved 1073152K
  class space    used 3152K, committed 3264K, reserved 1048576K
}
Event: 6.388 GC heap after
{Heap after GC invocations=11 (full 0):
 garbage-first heap   total 55296K, used 16375K [0x00000000d1400000, 0x0000000100000000)
  region size 1024K, 4 young (4096K), 4 survivors (4096K)
 Metaspace       used 25389K, committed 25664K, reserved 1073152K
  class space    used 3152K, committed 3264K, reserved 1048576K
}
Event: 6.393 GC heap before
{Heap before GC invocations=11 (full 0):
 garbage-first heap   total 55296K, used 39927K [0x00000000d1400000, 0x0000000100000000)
  region size 1024K, 28 young (28672K), 4 survivors (4096K)
 Metaspace       used 25389K, committed 25664K, reserved 1073152K
  class space    used 3152K, committed 3264K, reserved 1048576K
}
Event: 6.399 GC heap after
{Heap after GC invocations=12 (full 0):
 garbage-first heap   total 55296K, used 16454K [0x00000000d1400000, 0x0000000100000000)
  region size 1024K, 1 young (1024K), 1 survivors (1024K)
 Metaspace       used 25389K, committed 25664K, reserved 1073152K
  class space    used 3152K, committed 3264K, reserved 1048576K
}
Event: 6.551 GC heap before
{Heap before GC invocations=12 (full 0):
 garbage-first heap   total 55296K, used 41030K [0x00000000d1400000, 0x0000000100000000)
  region size 1024K, 26 young (26624K), 1 survivors (1024K)
 Metaspace       used 26095K, committed 26368K, reserved 1073152K
  class space    used 3213K, committed 3328K, reserved 1048576K
}
Event: 6.553 GC heap after
{Heap after GC invocations=13 (full 0):
 garbage-first heap   total 55296K, used 17093K [0x00000000d1400000, 0x0000000100000000)
  region size 1024K, 1 young (1024K), 1 survivors (1024K)
 Metaspace       used 26095K, committed 26368K, reserved 1073152K
  class space    used 3213K, committed 3328K, reserved 1048576K
}
Event: 6.558 GC heap before
{Heap before GC invocations=13 (full 0):
 garbage-first heap   total 55296K, used 41669K [0x00000000d1400000, 0x0000000100000000)
  region size 1024K, 26 young (26624K), 1 survivors (1024K)
 Metaspace       used 26095K, committed 26368K, reserved 1073152K
  class space    used 3213K, committed 3328K, reserved 1048576K
}
Event: 6.560 GC heap after
{Heap after GC invocations=14 (full 0):
 garbage-first heap   total 55296K, used 17057K [0x00000000d1400000, 0x0000000100000000)
  region size 1024K, 1 young (1024K), 1 survivors (1024K)
 Metaspace       used 26095K, committed 26368K, reserved 1073152K
  class space    used 3213K, committed 3328K, reserved 1048576K
}
Event: 7.407 GC heap before
{Heap before GC invocations=14 (full 0):
 garbage-first heap   total 55296K, used 42657K [0x00000000d1400000, 0x0000000100000000)
  region size 1024K, 27 young (27648K), 1 survivors (1024K)
 Metaspace       used 29707K, committed 30016K, reserved 1081344K
  class space    used 3688K, committed 3840K, reserved 1048576K
}

Deoptimization events (20 events):
Event: 7.273 Thread 0x0000021098e59780 Uncommon trap: trap_request=0xffffff45 fr.pc=0x000002108f2886b0 relative=0x0000000000006ef0
Event: 7.273 Thread 0x0000021098e59780 Uncommon trap: reason=unstable_if action=reinterpret pc=0x000002108f2886b0 method=jdk.internal.org.objectweb.asm.Frame.execute(IILjdk/internal/org/objectweb/asm/Symbol;Ljdk/internal/org/objectweb/asm/SymbolTable;)V @ 1 c2
Event: 7.273 Thread 0x0000021098e59780 DEOPT PACKING pc=0x000002108f2886b0 sp=0x0000006d11bfd400
Event: 7.273 Thread 0x0000021098e59780 DEOPT UNPACKING pc=0x00000210876ed72e sp=0x0000006d11bfd3c8 mode 2
Event: 7.288 Thread 0x0000021098e59780 Uncommon trap: trap_request=0xffffffde fr.pc=0x000002108f303ac0 relative=0x00000000000031c0
Event: 7.288 Thread 0x0000021098e59780 Uncommon trap: reason=class_check action=maybe_recompile pc=0x000002108f303ac0 method=org.springframework.beans.factory.support.AbstractBeanFactory.isTypeMatch(Ljava/lang/String;Lorg/springframework/core/ResolvableType;Z)Z @ 53 c2
Event: 7.288 Thread 0x0000021098e59780 DEOPT PACKING pc=0x000002108f303ac0 sp=0x0000006d11bfd6d0
Event: 7.288 Thread 0x0000021098e59780 DEOPT UNPACKING pc=0x00000210876ed72e sp=0x0000006d11bfd690 mode 2
Event: 7.307 Thread 0x0000021098e59780 Uncommon trap: trap_request=0xffffffde fr.pc=0x000002108f303ac0 relative=0x00000000000031c0
Event: 7.307 Thread 0x0000021098e59780 Uncommon trap: reason=class_check action=maybe_recompile pc=0x000002108f303ac0 method=org.springframework.beans.factory.support.AbstractBeanFactory.isTypeMatch(Ljava/lang/String;Lorg/springframework/core/ResolvableType;Z)Z @ 53 c2
Event: 7.307 Thread 0x0000021098e59780 DEOPT PACKING pc=0x000002108f303ac0 sp=0x0000006d11bfd6d0
Event: 7.307 Thread 0x0000021098e59780 DEOPT UNPACKING pc=0x00000210876ed72e sp=0x0000006d11bfd690 mode 2
Event: 7.310 Thread 0x0000021098e59780 Uncommon trap: trap_request=0xffffffde fr.pc=0x000002108f303ac0 relative=0x00000000000031c0
Event: 7.310 Thread 0x0000021098e59780 Uncommon trap: reason=class_check action=maybe_recompile pc=0x000002108f303ac0 method=org.springframework.beans.factory.support.AbstractBeanFactory.isTypeMatch(Ljava/lang/String;Lorg/springframework/core/ResolvableType;Z)Z @ 53 c2
Event: 7.310 Thread 0x0000021098e59780 DEOPT PACKING pc=0x000002108f303ac0 sp=0x0000006d11bfcc10
Event: 7.310 Thread 0x0000021098e59780 DEOPT UNPACKING pc=0x00000210876ed72e sp=0x0000006d11bfcbd0 mode 2
Event: 7.320 Thread 0x0000021098e59780 Uncommon trap: trap_request=0xffffffde fr.pc=0x000002108f303ac0 relative=0x00000000000031c0
Event: 7.320 Thread 0x0000021098e59780 Uncommon trap: reason=class_check action=maybe_recompile pc=0x000002108f303ac0 method=org.springframework.beans.factory.support.AbstractBeanFactory.isTypeMatch(Ljava/lang/String;Lorg/springframework/core/ResolvableType;Z)Z @ 53 c2
Event: 7.320 Thread 0x0000021098e59780 DEOPT PACKING pc=0x000002108f303ac0 sp=0x0000006d11bfcc10
Event: 7.320 Thread 0x0000021098e59780 DEOPT UNPACKING pc=0x00000210876ed72e sp=0x0000006d11bfcbd0 mode 2

Classes unloaded (0 events):
No events

Classes redefined (0 events):
No events

Internal exceptions (20 events):
Event: 5.303 Thread 0x0000021098e59780 Exception <a 'java/lang/ClassNotFoundException'{0x00000000d3fb9008}: org/springframework/transaction/annotation/AbstractTransactionManagementConfigurationCustomizer> (0x00000000d3fb9008) 
thrown [t:\workspace\open\src\hotspot\share\classfile\systemDictionary.cpp, line 256]
Event: 5.304 Thread 0x0000021098e59780 Exception <a 'java/lang/ClassNotFoundException'{0x00000000d3fc0778}: org/springframework/transaction/annotation/ProxyTransactionManagementConfigurationCustomizer> (0x00000000d3fc0778) 
thrown [t:\workspace\open\src\hotspot\share\classfile\systemDictionary.cpp, line 256]
Event: 5.305 Thread 0x0000021098e59780 Exception <a 'java/lang/ClassNotFoundException'{0x00000000d3fc8f08}: org/springframework/context/annotation/ImportAwareCustomizer> (0x00000000d3fc8f08) 
thrown [t:\workspace\open\src\hotspot\share\classfile\systemDictionary.cpp, line 256]
Event: 5.306 Thread 0x0000021098e59780 Exception <a 'java/lang/ClassNotFoundException'{0x00000000d3fce6f0}: org/springframework/beans/factory/AwareCustomizer> (0x00000000d3fce6f0) 
thrown [t:\workspace\open\src\hotspot\share\classfile\systemDictionary.cpp, line 256]
Event: 5.471 Thread 0x0000021098e59780 Exception <a 'java/lang/NoSuchMethodError'{0x00000000d3c74f28}: 'int java.lang.invoke.DirectMethodHandle$Holder.invokeSpecial(java.lang.Object, java.lang.Object, java.lang.Object, java.lang.Object, java.lang.Object)'> (0x00000000d3c74f28) 
thrown [t:\workspace\open\src\hotspot\share\interpreter\linkResolver.cpp, line 790]
Event: 5.524 Thread 0x0000021098e59780 Implicit null exception at 0x000002108f2926af to 0x000002108f2929a8
Event: 5.544 Thread 0x0000021098e59780 Implicit null exception at 0x000002108f29a5da to 0x000002108f29a810
Event: 5.574 Thread 0x0000021098e59780 Exception <a 'java/lang/NoSuchMethodError'{0x00000000d396eca8}: 'void java.lang.invoke.DirectMethodHandle$Holder.invokeInterface(java.lang.Object, java.lang.Object, int)'> (0x00000000d396eca8) 
thrown [t:\workspace\open\src\hotspot\share\interpreter\linkResolver.cpp, line 790]
Event: 5.582 Thread 0x0000021098e59780 Exception <a 'java/lang/IncompatibleClassChangeError'{0x00000000d39c1d00}: Found class java.lang.Object, but interface was expected> (0x00000000d39c1d00) 
thrown [t:\workspace\open\src\hotspot\share\interpreter\linkResolver.cpp, line 857]
Event: 5.582 Thread 0x0000021098e59780 Exception <a 'java/lang/NoSuchMethodError'{0x00000000d39c72d0}: 'void java.lang.invoke.DirectMethodHandle$Holder.invokeStatic(java.lang.Object, int, java.lang.Object)'> (0x00000000d39c72d0) 
thrown [t:\workspace\open\src\hotspot\share\interpreter\linkResolver.cpp, line 790]
Event: 5.589 Thread 0x0000021098e59780 Exception <a 'java/lang/NoSuchMethodError'{0x00000000d39f6878}: 'int java.lang.invoke.DirectMethodHandle$Holder.invokeSpecial(java.lang.Object, java.lang.Object, int)'> (0x00000000d39f6878) 
thrown [t:\workspace\open\src\hotspot\share\interpreter\linkResolver.cpp, line 790]
Event: 5.762 Thread 0x0000021098e59780 Exception <a 'java/lang/NoSuchMethodError'{0x00000000d35d6bf8}: 'java.lang.Object java.lang.invoke.DirectMethodHandle$Holder.invokeStaticInit(java.lang.Object, int, int, int, int)'> (0x00000000d35d6bf8) 
thrown [t:\workspace\open\src\hotspot\share\interpreter\linkResolver.cpp, line 790]
Event: 6.165 Thread 0x0000021098e59780 Exception <a 'java/lang/NoSuchMethodError'{0x00000000d345db18}: 'java.lang.Object java.lang.invoke.DirectMethodHandle$Holder.invokeStaticInit(java.lang.Object, java.lang.Object, int, int, int, int)'> (0x00000000d345db18) 
thrown [t:\workspace\open\src\hotspot\share\interpreter\linkResolver.cpp, line 790]
Event: 6.487 Thread 0x0000021098e59780 Implicit null exception at 0x000002108f214734 to 0x000002108f217a78
Event: 6.614 Thread 0x0000021098e59780 Exception <a 'java/io/FileNotFoundException'{0x00000000d68800b8}> (0x00000000d68800b8) 
thrown [t:\workspace\open\src\hotspot\share\prims\jni.cpp, line 579]
Event: 6.649 Thread 0x0000021098e59780 Exception <a 'java/lang/NoSuchMethodError'{0x00000000d4331bb0}: 'int java.lang.invoke.DirectMethodHandle$Holder.invokeInterface(java.lang.Object, java.lang.Object, java.lang.Object, java.lang.Object)'> (0x00000000d4331bb0) 
thrown [t:\workspace\open\src\hotspot\share\interpreter\linkResolver.cpp, line 790]
Event: 6.721 Thread 0x0000021098e59780 Exception <a 'java/io/FileNotFoundException'{0x00000000d410cb90}> (0x00000000d410cb90) 
thrown [t:\workspace\open\src\hotspot\share\prims\jni.cpp, line 579]
Event: 6.795 Thread 0x0000021098e59780 Exception <a 'java/lang/NoSuchMethodError'{0x00000000d3f32490}: 'void java.lang.invoke.DirectMethodHandle$Holder.invokeVirtual(java.lang.Object, java.lang.Object, java.lang.Object, java.lang.Object)'> (0x00000000d3f32490) 
thrown [t:\workspace\open\src\hotspot\share\interpreter\linkResolver.cpp, line 790]
Event: 7.209 Thread 0x0000021098e59780 Exception <a 'java/lang/NoSuchMethodError'{0x00000000d39c2fa8}: 'void java.lang.invoke.DirectMethodHandle$Holder.invokeVirtual(java.lang.Object, java.lang.Object, int)'> (0x00000000d39c2fa8) 
thrown [t:\workspace\open\src\hotspot\share\interpreter\linkResolver.cpp, line 790]
Event: 7.212 Thread 0x0000021098e59780 Exception <a 'java/lang/NoSuchMethodError'{0x00000000d39de568}: 'void java.lang.invoke.DirectMethodHandle$Holder.invokeVirtual(java.lang.Object, java.lang.Object, long)'> (0x00000000d39de568) 
thrown [t:\workspace\open\src\hotspot\share\interpreter\linkResolver.cpp, line 790]

Events (20 events):
Event: 6.765 loading class java/util/concurrent/locks/AbstractQueuedSynchronizer$ExclusiveNode done
Event: 6.830 loading class java/util/concurrent/Executors$FinalizableDelegatedExecutorService
Event: 6.831 loading class java/util/concurrent/Executors$DelegatedExecutorService
Event: 6.832 loading class java/util/concurrent/Executors$DelegatedExecutorService done
Event: 6.832 loading class java/util/concurrent/Executors$FinalizableDelegatedExecutorService done
Event: 6.832 Thread 0x000002109b2afa40 Thread added: 0x000002109b2afa40
Event: 7.091 loading class java/util/ServiceConfigurationError
Event: 7.092 loading class java/util/ServiceConfigurationError done
Event: 7.144 loading class java/util/regex/Pattern$SliceI
Event: 7.144 loading class java/util/regex/Pattern$SliceI done
Event: 7.187 loading class javax/naming/Referenceable
Event: 7.188 loading class javax/naming/Referenceable done
Event: 7.244 Executing  VM operation: ICBufferFull
Event: 7.244 Executing  VM operation: ICBufferFull done
Event: 7.256 Thread 0x000002109b2b14d0 Thread added: 0x000002109b2b14d0
Event: 7.269 loading class javax/naming/Reference
Event: 7.269 loading class javax/naming/Reference done
Event: 7.297 loading class java/util/IllegalFormatException
Event: 7.298 loading class java/util/IllegalFormatException done
Event: 7.407 Executing  VM operation: G1CollectForAllocation


Dynamic libraries:
0x00007ff75f030000 - 0x00007ff75f040000 	C:\Program Files\Java\jdk-16.0.1\bin\javaw.exe
0x00007ffd7a8b0000 - 0x00007ffd7aaa7000 	C:\WINDOWS\SYSTEM32\ntdll.dll
0x00007ffd4ba70000 - 0x00007ffd4ba87000 	C:\Program Files\AVG\Antivirus\aswhook.dll
0x00007ffd7a0e0000 - 0x00007ffd7a19d000 	C:\WINDOWS\System32\KERNEL32.DLL
0x00007ffd77fd0000 - 0x00007ffd7829d000 	C:\WINDOWS\System32\KERNELBASE.dll
0x00007ffd782d0000 - 0x00007ffd783d0000 	C:\WINDOWS\System32\ucrtbase.dll
0x00007ffd68530000 - 0x00007ffd68549000 	C:\Program Files\Java\jdk-16.0.1\bin\VCRUNTIME140.dll
0x00007ffd685d0000 - 0x00007ffd685e8000 	C:\Program Files\Java\jdk-16.0.1\bin\jli.dll
0x00007ffd789c0000 - 0x00007ffd78a6e000 	C:\WINDOWS\System32\ADVAPI32.dll
0x00007ffd79fe0000 - 0x00007ffd7a07e000 	C:\WINDOWS\System32\msvcrt.dll
0x00007ffd7a500000 - 0x00007ffd7a59c000 	C:\WINDOWS\System32\sechost.dll
0x00007ffd78a80000 - 0x00007ffd78ba5000 	C:\WINDOWS\System32\RPCRT4.dll
0x00007ffd7a5a0000 - 0x00007ffd7a740000 	C:\WINDOWS\System32\USER32.dll
0x00007ffd78740000 - 0x00007ffd78762000 	C:\WINDOWS\System32\win32u.dll
0x00007ffd64e80000 - 0x00007ffd6511a000 	C:\WINDOWS\WinSxS\amd64_microsoft.windows.common-controls_6595b64144ccf1df_6.0.19041.1110_none_60b5254171f9507e\COMCTL32.dll
0x00007ffd797e0000 - 0x00007ffd7980a000 	C:\WINDOWS\System32\GDI32.dll
0x00007ffd785c0000 - 0x00007ffd786cb000 	C:\WINDOWS\System32\gdi32full.dll
0x00007ffd78870000 - 0x00007ffd7890d000 	C:\WINDOWS\System32\msvcp_win.dll
0x00007ffd702d0000 - 0x00007ffd702da000 	C:\WINDOWS\SYSTEM32\VERSION.dll
0x00007ffd79050000 - 0x00007ffd79080000 	C:\WINDOWS\System32\IMM32.DLL
0x00007ffd6ff80000 - 0x00007ffd6ff8c000 	C:\Program Files\Java\jdk-16.0.1\bin\vcruntime140_1.dll
0x00007ffd53c10000 - 0x00007ffd53ca1000 	C:\Program Files\Java\jdk-16.0.1\bin\msvcp140.dll
0x00007ffd0d490000 - 0x00007ffd0e03b000 	C:\Program Files\Java\jdk-16.0.1\bin\server\jvm.dll
0x00007ffd78a70000 - 0x00007ffd78a78000 	C:\WINDOWS\System32\PSAPI.DLL
0x00007ffd54a10000 - 0x00007ffd54a37000 	C:\WINDOWS\SYSTEM32\WINMM.dll
0x00007ffd66630000 - 0x00007ffd66639000 	C:\WINDOWS\SYSTEM32\WSOCK32.dll
0x00007ffd7a490000 - 0x00007ffd7a4fb000 	C:\WINDOWS\System32\WS2_32.dll
0x00007ffd768b0000 - 0x00007ffd768c2000 	C:\WINDOWS\SYSTEM32\kernel.appcore.dll
0x00007ffd70280000 - 0x00007ffd7028a000 	C:\Program Files\Java\jdk-16.0.1\bin\jimage.dll
0x00007ffd6e8f0000 - 0x00007ffd6ead4000 	C:\WINDOWS\SYSTEM32\DBGHELP.DLL
0x00007ffd6e820000 - 0x00007ffd6e84c000 	C:\WINDOWS\SYSTEM32\dbgcore.DLL
0x00007ffd78530000 - 0x00007ffd785b2000 	C:\WINDOWS\System32\bcryptPrimitives.dll
0x00007ffd70250000 - 0x00007ffd70275000 	C:\Program Files\Java\jdk-16.0.1\bin\java.dll
0x00007ffd79080000 - 0x00007ffd797c4000 	C:\WINDOWS\System32\SHELL32.dll
0x00007ffd75a80000 - 0x00007ffd76214000 	C:\WINDOWS\SYSTEM32\windows.storage.dll
0x00007ffd79c80000 - 0x00007ffd79fd4000 	C:\WINDOWS\System32\combase.dll
0x00007ffd77960000 - 0x00007ffd7798c000 	C:\WINDOWS\SYSTEM32\Wldp.dll
0x00007ffd78910000 - 0x00007ffd789bd000 	C:\WINDOWS\System32\SHCORE.dll
0x00007ffd78f10000 - 0x00007ffd78f65000 	C:\WINDOWS\System32\shlwapi.dll
0x00007ffd77f10000 - 0x00007ffd77f2f000 	C:\WINDOWS\SYSTEM32\profapi.dll
0x00007ffd61dc0000 - 0x00007ffd61dd9000 	C:\Program Files\Java\jdk-16.0.1\bin\net.dll
0x00007ffd6db80000 - 0x00007ffd6dc8a000 	C:\WINDOWS\SYSTEM32\WINHTTP.dll
0x00007ffd776c0000 - 0x00007ffd7772a000 	C:\WINDOWS\system32\mswsock.dll
0x00007ffd51890000 - 0x00007ffd518a3000 	C:\Program Files\Java\jdk-16.0.1\bin\nio.dll
0x00007ffd49dc0000 - 0x00007ffd49dd8000 	C:\Program Files\Java\jdk-16.0.1\bin\zip.dll
0x00007ffd70240000 - 0x00007ffd70250000 	C:\Program Files\Java\jdk-16.0.1\bin\verify.dll
0x00007ffd701f0000 - 0x00007ffd701f9000 	C:\Program Files\Java\jdk-16.0.1\bin\management.dll
0x00007ffd70120000 - 0x00007ffd7012b000 	C:\Program Files\Java\jdk-16.0.1\bin\management_ext.dll
0x00007ffd5be30000 - 0x00007ffd5be47000 	C:\WINDOWS\system32\napinsp.dll
0x00007ffd5bdd0000 - 0x00007ffd5bdeb000 	C:\WINDOWS\system32\pnrpnsp.dll
0x00007ffd72a10000 - 0x00007ffd72a25000 	C:\WINDOWS\system32\wshbth.dll
0x00007ffd731b0000 - 0x00007ffd731cd000 	C:\WINDOWS\system32\NLAapi.dll
0x00007ffd773b0000 - 0x00007ffd773eb000 	C:\WINDOWS\SYSTEM32\IPHLPAPI.DLL
0x00007ffd773f0000 - 0x00007ffd774bb000 	C:\WINDOWS\SYSTEM32\DNSAPI.dll
0x00007ffd797d0000 - 0x00007ffd797d8000 	C:\WINDOWS\System32\NSI.dll
0x00007ffd5bc40000 - 0x00007ffd5bc52000 	C:\WINDOWS\System32\winrnr.dll
0x00007ffd6f920000 - 0x00007ffd6f92a000 	C:\Windows\System32\rasadhlp.dll
0x00007ffd6d720000 - 0x00007ffd6d7a0000 	C:\WINDOWS\System32\fwpuclnt.dll
0x00007ffd782a0000 - 0x00007ffd782c7000 	C:\WINDOWS\System32\bcrypt.dll
0x00007ffd778c0000 - 0x00007ffd778d8000 	C:\WINDOWS\SYSTEM32\CRYPTSP.dll
0x00007ffd77040000 - 0x00007ffd77074000 	C:\WINDOWS\system32\rsaenh.dll
0x00007ffd77ed0000 - 0x00007ffd77efe000 	C:\WINDOWS\SYSTEM32\USERENV.dll
0x00007ffd778b0000 - 0x00007ffd778bc000 	C:\WINDOWS\SYSTEM32\CRYPTBASE.dll
0x00007ffd6f8e0000 - 0x00007ffd6f8f7000 	C:\WINDOWS\SYSTEM32\dhcpcsvc6.DLL
0x00007ffd6f720000 - 0x00007ffd6f73d000 	C:\WINDOWS\SYSTEM32\dhcpcsvc.DLL

dbghelp: loaded successfully - version: 4.0.5 - missing functions: none
symbol engine: initialized successfully - sym options: 0x614 - pdb path: .;C:\Program Files\Java\jdk-16.0.1\bin;C:\WINDOWS\SYSTEM32;C:\Program Files\AVG\Antivirus;C:\WINDOWS\WinSxS\amd64_microsoft.windows.common-controls_6595b64144ccf1df_6.0.19041.1110_none_60b5254171f9507e;C:\Program Files\Java\jdk-16.0.1\bin\server

VM Arguments:
jvm_args: -Dfile.encoding=UTF-8 -XX:+ShowCodeDetailsInExceptionMessages 
java_command: com.medplus.online_shopping.OnlineShoppingApplication
java_class_path (initial): D:\online-shopping\target\classes;C:\Users\HP\.m2\repository\org\springframework\boot\spring-boot-devtools\2.4.0\spring-boot-devtools-2.4.0.jar;C:\Users\HP\.m2\repository\org\springframework\boot\spring-boot\2.4.0\spring-boot-2.4.0.jar;C:\Users\HP\.m2\repository\org\springframework\spring-context\5.3.1\spring-context-5.3.1.jar;C:\Users\HP\.m2\repository\org\springframework\boot\spring-boot-autoconfigure\2.4.0\spring-boot-autoconfigure-2.4.0.jar;C:\Users\HP\.m2\repository\org\springframework\boot\spring-boot-starter-web\2.4.0\spring-boot-starter-web-2.4.0.jar;C:\Users\HP\.m2\repository\org\springframework\boot\spring-boot-starter\2.4.0\spring-boot-starter-2.4.0.jar;C:\Users\HP\.m2\repository\org\springframework\boot\spring-boot-starter-logging\2.4.0\spring-boot-starter-logging-2.4.0.jar;C:\Users\HP\.m2\repository\ch\qos\logback\logback-classic\1.2.3\logback-classic-1.2.3.jar;C:\Users\HP\.m2\repository\ch\qos\logback\logback-core\1.2.3\logback-core-1.2.3.jar;C:\Users\HP\.m2\repository\org\apache\logging\log4j\log4j-to-slf4j\2.13.3\log4j-to-slf4j-2.13.3.jar;C:\Users\HP\.m2\repository\org\apache\logging\log4j\log4j-api\2.13.3\log4j-api-2.13.3.jar;C:\Users\HP\.m2\repository\org\slf4j\jul-to-slf4j\1.7.30\jul-to-slf4j-1.7.30.jar;C:\Users\HP\.m2\repository\jakarta\annotation\jakarta.annotation-api\1.3.5\jakarta.annotation-api-1.3.5.jar;C:\Users\HP\.m2\repository\org\yaml\snakeyaml\1.27\snakeyaml-1.27.jar;C:\Users\HP\.m2\repository\org\springframework\boot\spring-boot-starter-json\2.4.0\spring-boot-starter-json-2.4.0.jar;C:\Users\HP\.m2\repository\com\fasterxml\jackson\core\jackson-databind\2.11.3\jackson-databind-2.11.3.jar;C:\Users\HP\.m2\repository\com\fasterxml\jackson\core\jackson-core\2.11.3\jackson-core-2.11.3.jar;C:\Users\HP\.m2\repository\com\fasterxml\jackson\datatype\jackson-datatype-jdk8\2.11.3\jackson-datatype-jdk8-2.11.3.jar;C:\Users\HP\.m2\repository\com\fasterxml\jackson\datatype\jackson-datatype-jsr310\2.11.3\jackson-datatype-jsr
Launcher Type: SUN_STANDARD

[Global flags]
     intx CICompilerCount                          = 3                                         {product} {ergonomic}
     uint ConcGCThreads                            = 1                                         {product} {ergonomic}
     uint G1ConcRefinementThreads                  = 4                                         {product} {ergonomic}
   size_t G1HeapRegionSize                         = 1048576                                   {product} {ergonomic}
    uintx GCDrainStackTargetSize                   = 64                                        {product} {ergonomic}
   size_t InitialHeapSize                          = 50331648                                  {product} {ergonomic}
   size_t MarkStackSize                            = 4194304                                   {product} {ergonomic}
   size_t MaxHeapSize                              = 784334848                                 {product} {ergonomic}
   size_t MaxNewSize                               = 469762048                                 {product} {ergonomic}
   size_t MinHeapDeltaBytes                        = 1048576                                   {product} {ergonomic}
   size_t MinHeapSize                              = 8388608                                   {product} {ergonomic}
    uintx NonNMethodCodeHeapSize                   = 5832780                                {pd product} {ergonomic}
    uintx NonProfiledCodeHeapSize                  = 122912730                              {pd product} {ergonomic}
    uintx ProfiledCodeHeapSize                     = 122912730                              {pd product} {ergonomic}
    uintx ReservedCodeCacheSize                    = 251658240                              {pd product} {ergonomic}
     bool SegmentedCodeCache                       = true                                      {product} {ergonomic}
     bool ShowCodeDetailsInExceptionMessages       = true                                   {manageable} {command line}
   size_t SoftMaxHeapSize                          = 784334848                              {manageable} {ergonomic}
     bool UseCompressedClassPointers               = true                           {product lp64_product} {ergonomic}
     bool UseCompressedOops                        = true                           {product lp64_product} {ergonomic}
     bool UseG1GC                                  = true                                      {product} {ergonomic}
     bool UseLargePagesIndividualAllocation        = false                                  {pd product} {ergonomic}

Logging:
Log output configuration:
 #0: stdout all=warning uptime,level,tags
 #1: stderr all=off uptime,level,tags

Environment Variables:
PATH=C:/Program Files/Java/jdk-16.0.1/bin/server;C:/Program Files/Java/jdk-16.0.1/bin;C:\Program Files\Common Files\Oracle\Java\javapath;C:\Program Files (x86)\Common Files\Oracle\Java\javapath;D:\oracle\product\10.2.0\db_4\bin;D:\oracle\product\10.2.0\db_2\bin;D:\oracle\product\10.2.0\db_1\bin;C:\Program Files\Java\jdk-16.0.1\bin;C:\Program Files\Java\jdk-16.0.1\bin;C:\src\flutter_windows_2.10.3-stable\flutter\bin;C:\Program Files\Git\cmd;C:\Program Files\Git\bin\git.exe;C:\Windows\SysWOW64;C:\Windows\System32\WindowsPowerShell\v1.0;C:\Users\HP\AppData\Local\Android\Sdk\emulator;C:\Program Files\nodejs\;C:\Program Files\MySQL\MySQL Shell 8.0\bin\;C:\Users\HP\AppData\Local\Microsoft\WindowsApps;C:\Users\HP\AppData\Local\Programs\Microsoft VS Code\bin;C:\Program Files (x86)\mingw-w64\i686-8.1.0-posix-dwarf-rt_v6-rev0\mingw32\bin;C:\Program Files (x86)\mingw-w64\i686-8.1.0-posix-dwarf-rt_v6-rev0\mingw32\lib\gcc\i686-w64-mingw32\8.1.0;C:\MinGW;C:\Program Files\JetBrains\IntelliJ IDEA Community Edition 2021.1.1\bin;;C:\Windows\SysWOW64;C:\Program Files\Git\cmd;C:\Program Files\Git\bin\git.exe;C:\src\flutter_windows_2.10.3-stable\flutter\bin;C:\Windows\System32\WindowsPowerShell\v1.0;C:\Users\HP\AppData\Roaming\npm;C:\WINDOWS\system32;
USERNAME=HP
OS=Windows_NT
PROCESSOR_IDENTIFIER=Intel64 Family 6 Model 69 Stepping 1, GenuineIntel



---------------  S Y S T E M  ---------------

OS:
 Windows 10 , 64 bit Build 19041 (10.0.19041.1741)
OS uptime: 0 days 19:24 hours

CPU: total 4 (initial active 4) (2 cores per cpu, 2 threads per core) family 6 model 69 stepping 1 microcode 0x26, cx8, cmov, fxsr, ht, mmx, sse, sse2, sse3, ssse3, sse4.1, sse4.2, popcnt, lzcnt, tsc, tscinvbit, avx, avx2, aes, erms, clmul, bmi1, bmi2, fma, vzeroupper, clflush

Memory: 4k page, system-wide physical 2987M (183M free)
TotalPageFile size 9987M (AvailPageFile size 10M)
current process WorkingSet (physical memory assigned to process): 156M, peak: 174M
current process commit charge ("private bytes"): 244M, peak: 286M

vm_info: Java HotSpot(TM) 64-Bit Server VM (16.0.1+9-24) for windows-amd64 JRE (16.0.1+9-24), built on Mar 26 2021 19:31:42 by "mach5one" with MS VC++ 16.7 (VS2019)

END.
