#
# There is insufficient memory for the Java Runtime Environment to continue.
# Native memory allocation (mmap) failed to map 74448896 bytes for G1 virtual space
# Possible reasons:
#   The system is out of physical RAM or swap space
#   The process is running with CompressedOops enabled, and the Java Heap may be blocking the growth of the native heap
# Possible solutions:
#   Reduce memory load on the system
#   Increase physical memory or swap space
#   Check if swap backing store is full
#   Decrease Java heap size (-Xmx/-Xms)
#   Decrease number of Java threads
#   Decrease Java thread stack sizes (-Xss)
#   Set larger code cache with -XX:ReservedCodeCacheSize=
#   JVM is running with Unscaled Compressed Oops mode in which the Java heap is
#     placed in the first 4GB address space. The Java Heap base address is the
#     maximum limit for the native heap growth. Please use -XX:HeapBaseMinAddress
#     to set the Java Heap base and to place the Java Heap above 4GB virtual address.
# This output file may be truncated or incomplete.
#
#  Out of Memory Error (os_windows.cpp:3466), pid=9332, tid=13664
#
# JRE version: Java(TM) SE Runtime Environment (16.0.1+9) (build 16.0.1+9-24)
# Java VM: Java HotSpot(TM) 64-Bit Server VM (16.0.1+9-24, mixed mode, sharing, tiered, compressed oops, compressed class ptrs, g1 gc, windows-amd64)
# No core dump will be written. Minidumps are not enabled by default on client versions of Windows
#

---------------  S U M M A R Y ------------

Command Line: -Dfile.encoding=UTF-8 -XX:+ShowCodeDetailsInExceptionMessages com.medplus.online_shopping.OnlineShoppingApplication

Host: Intel(R) Core(TM) i5-4300U CPU @ 1.90GHz, 4 cores, 2G,  Windows 10 , 64 bit Build 19041 (10.0.19041.1741)
Time: Wed Aug 31 12:25:22 2022 India Standard Time elapsed time: 27.686245 seconds (0d 0h 0m 27s)

---------------  T H R E A D  ---------------

Current thread (0x0000025aab2a2c40):  VMThread "VM Thread" [stack: 0x000000a885300000,0x000000a885400000] [id=13664]

Stack: [0x000000a885300000,0x000000a885400000]
Native frames: (J=compiled Java code, j=interpreted, Vv=VM code, C=native code)
V  [jvm.dll+0x6687ca]
V  [jvm.dll+0x7ca3c9]
V  [jvm.dll+0x7cbb53]
V  [jvm.dll+0x7cc1b3]
V  [jvm.dll+0x242ea5]
V  [jvm.dll+0x665589]
V  [jvm.dll+0x65a175]
V  [jvm.dll+0x2fc5ab]
V  [jvm.dll+0x3037a6]
V  [jvm.dll+0x352fee]
V  [jvm.dll+0x35321f]
V  [jvm.dll+0x2d3618]
V  [jvm.dll+0x2d11a5]
V  [jvm.dll+0x2d07dc]
V  [jvm.dll+0x3158c2]
V  [jvm.dll+0x7d05eb]
V  [jvm.dll+0x7d12e4]
V  [jvm.dll+0x7d17e9]
V  [jvm.dll+0x7d1aa4]
V  [jvm.dll+0x7d1b70]
V  [jvm.dll+0x779b4a]
V  [jvm.dll+0x667666]
C  [ucrtbase.dll+0x21bb2]
C  [KERNEL32.DLL+0x17034]
C  [ntdll.dll+0x52651]

VM_Operation (0x000000a885bfe160): G1CollectForAllocation, mode: safepoint, requested by thread 0x0000025aab2f3d60


---------------  P R O C E S S  ---------------

Threads class SMR info:
_java_thread_list=0x0000025aad681b30, length=14, elements={
0x0000025a90b93660, 0x0000025aab2a7690, 0x0000025aab2aa470, 0x0000025aab2b40e0,
0x0000025aab2b7e10, 0x0000025aab2ba730, 0x0000025aab2bb040, 0x0000025aab2bbc80,
0x0000025aab2f3d60, 0x0000025aab330a50, 0x0000025aabd462a0, 0x0000025aabd5d510,
0x0000025aac83ce40, 0x0000025aac83d390
}

Java Threads: ( => current thread )
  0x0000025a90b93660 JavaThread "main" [_thread_blocked, id=13988, stack(0x000000a884d00000,0x000000a884e00000)]
  0x0000025aab2a7690 JavaThread "Reference Handler" daemon [_thread_blocked, id=13968, stack(0x000000a885400000,0x000000a885500000)]
  0x0000025aab2aa470 JavaThread "Finalizer" daemon [_thread_blocked, id=4176, stack(0x000000a885500000,0x000000a885600000)]
  0x0000025aab2b40e0 JavaThread "Signal Dispatcher" daemon [_thread_blocked, id=7072, stack(0x000000a885600000,0x000000a885700000)]
  0x0000025aab2b7e10 JavaThread "Attach Listener" daemon [_thread_blocked, id=5040, stack(0x000000a885700000,0x000000a885800000)]
  0x0000025aab2ba730 JavaThread "Service Thread" daemon [_thread_blocked, id=15484, stack(0x000000a885800000,0x000000a885900000)]
  0x0000025aab2bb040 JavaThread "Monitor Deflation Thread" daemon [_thread_blocked, id=13224, stack(0x000000a885900000,0x000000a885a00000)]
  0x0000025aab2bbc80 JavaThread "C2 CompilerThread0" daemon [_thread_blocked, id=7476, stack(0x000000a885a00000,0x000000a885b00000)]
  0x0000025aab2f3d60 JavaThread "C1 CompilerThread0" daemon [_thread_blocked, id=3516, stack(0x000000a885b00000,0x000000a885c00000)]
  0x0000025aab330a50 JavaThread "Sweeper thread" daemon [_thread_blocked, id=4640, stack(0x000000a885c00000,0x000000a885d00000)]
  0x0000025aabd462a0 JavaThread "Notification Thread" daemon [_thread_blocked, id=14500, stack(0x000000a885d00000,0x000000a885e00000)]
  0x0000025aabd5d510 JavaThread "Common-Cleaner" daemon [_thread_blocked, id=14688, stack(0x000000a885f00000,0x000000a886000000)]
  0x0000025aac83ce40 JavaThread "Thread-0" [_thread_blocked, id=13452, stack(0x000000a886500000,0x000000a886600000)]
  0x0000025aac83d390 JavaThread "restartedMain" [_thread_blocked, id=10704, stack(0x000000a886600000,0x000000a886700000)]

Other Threads:
=>0x0000025aab2a2c40 VMThread "VM Thread" [stack: 0x000000a885300000,0x000000a885400000] [id=13664]
  0x0000025aabd495f0 WatcherThread [stack: 0x000000a885e00000,0x000000a885f00000] [id=10536]
  0x0000025a90bbdfa0 GCTaskThread "GC Thread#0" [stack: 0x000000a884e00000,0x000000a884f00000] [id=7528]
  0x0000025aac750360 GCTaskThread "GC Thread#1" [stack: 0x000000a886000000,0x000000a886100000] [id=16020]
  0x0000025aac4cc6b0 GCTaskThread "GC Thread#2" [stack: 0x000000a886100000,0x000000a886200000] [id=588]
  0x0000025aac797fc0 GCTaskThread "GC Thread#3" [stack: 0x000000a886200000,0x000000a886300000] [id=15080]
  0x0000025a90bc4d60 ConcurrentGCThread "G1 Main Marker" [stack: 0x000000a884f00000,0x000000a885000000] [id=1828]
  0x0000025a90bc7050 ConcurrentGCThread "G1 Conc#0" [stack: 0x000000a885000000,0x000000a885100000] [id=15168]
  0x0000025a90c03880 ConcurrentGCThread "G1 Refine#0" [stack: 0x000000a885100000,0x000000a885200000] [id=14892]
  0x0000025aac7982d0 ConcurrentGCThread "G1 Refine#1" [stack: 0x000000a886300000,0x000000a886400000] [id=15220]
  0x0000025aac83c6b0 ConcurrentGCThread "G1 Refine#2" [stack: 0x000000a886400000,0x000000a886500000] [id=5036]
  0x0000025a90c05230 ConcurrentGCThread "G1 Service" [stack: 0x000000a885200000,0x000000a885300000] [id=12896]

Threads with active compile tasks:
C2 CompilerThread0    27758 3839       4       java.util.Properties::loadConvert (544 bytes)
C1 CompilerThread0    27759 3845       3       java.util.jar.Manifest::read (415 bytes)

VM state: at safepoint (normal execution)

VM Mutex/Monitor currently owned by a thread:  ([mutex/lock_event])
[0x0000025a90b8ec80] Threads_lock - owner thread: 0x0000025aab2a2c40
[0x0000025a90b8f100] Heap_lock - owner thread: 0x0000025aab2f3d60

Heap address: 0x00000000d1400000, size: 748 MB, Compressed Oops mode: 32-bit

CDS archive(s) mapped at: [0x0000000800000000-0x0000000800bb0000-0x0000000800bb0000), size 12255232, SharedBaseAddress: 0x0000000800000000, ArchiveRelocationMode: 0.
Compressed class space mapped at: 0x0000000800c00000-0x0000000840c00000, reserved size: 1073741824
Narrow klass base: 0x0000000800000000, Narrow klass shift: 3, Narrow klass range: 0x100000000

GC Precious Log:
 CPUs: 4 total, 4 available
 Memory: 2987M
 Large Page Support: Disabled
 NUMA Support: Disabled
 Compressed Oops: Enabled (32-bit)
 Heap Region Size: 1M
 Heap Min Capacity: 8M
 Heap Initial Capacity: 48M
 Heap Max Capacity: 748M
 Pre-touch: Disabled
 Parallel Workers: 4
 Concurrent Workers: 1
 Concurrent Refinement Workers: 4
 Periodic GC: Disabled

Heap:
 garbage-first heap   total 49152K, used 17256K [0x00000000d1400000, 0x0000000100000000)
  region size 1024K, 1 young (1024K), 1 survivors (1024K)
 Metaspace       used 26072K, committed 26304K, reserved 1073152K
  class space    used 3208K, committed 3328K, reserved 1048576K

Heap Regions: E=young(eden), S=young(survivor), O=old, HS=humongous(starts), HC=humongous(continues), CS=collection set, F=free, OA=open archive, CA=closed archive, TAMS=top-at-mark-start (previous, next)
|   0|0x00000000d1400000, 0x00000000d1500000, 0x00000000d1500000|100%|HS|  |TAMS 0x00000000d1500000, 0x00000000d1400000| Complete 
|   1|0x00000000d1500000, 0x00000000d1600000, 0x00000000d1600000|100%| O|  |TAMS 0x00000000d1600000, 0x00000000d1500000| Untracked 
|   2|0x00000000d1600000, 0x00000000d1700000, 0x00000000d1700000|100%| O|  |TAMS 0x00000000d1700000, 0x00000000d1600000| Untracked 
|   3|0x00000000d1700000, 0x00000000d1800000, 0x00000000d1800000|100%| O|  |TAMS 0x00000000d1800000, 0x00000000d1700000| Untracked 
|   4|0x00000000d1800000, 0x00000000d1900000, 0x00000000d1900000|100%| O|  |TAMS 0x00000000d1900000, 0x00000000d1800000| Untracked 
|   5|0x00000000d1900000, 0x00000000d1a00000, 0x00000000d1a00000|100%| O|  |TAMS 0x00000000d1a00000, 0x00000000d1900000| Untracked 
|   6|0x00000000d1a00000, 0x00000000d1b00000, 0x00000000d1b00000|100%| O|  |TAMS 0x00000000d1b00000, 0x00000000d1a00000| Untracked 
|   7|0x00000000d1b00000, 0x00000000d1c00000, 0x00000000d1c00000|100%| O|  |TAMS 0x00000000d1c00000, 0x00000000d1b00000| Untracked 
|   8|0x00000000d1c00000, 0x00000000d1d00000, 0x00000000d1d00000|100%| O|  |TAMS 0x00000000d1d00000, 0x00000000d1c00000| Untracked 
|   9|0x00000000d1d00000, 0x00000000d1e00000, 0x00000000d1e00000|100%| O|  |TAMS 0x00000000d1e00000, 0x00000000d1d00000| Untracked 
|  10|0x00000000d1e00000, 0x00000000d1f00000, 0x00000000d1f00000|100%| O|  |TAMS 0x00000000d1e23800, 0x00000000d1e00000| Untracked 
|  11|0x00000000d1f00000, 0x00000000d2000000, 0x00000000d2000000|100%| O|  |TAMS 0x00000000d1f00000, 0x00000000d1f00000| Untracked 
|  12|0x00000000d2000000, 0x00000000d2100000, 0x00000000d2100000|100%| O|  |TAMS 0x00000000d2000000, 0x00000000d2000000| Untracked 
|  13|0x00000000d2100000, 0x00000000d2200000, 0x00000000d2200000|100%| O|  |TAMS 0x00000000d2100000, 0x00000000d2100000| Untracked 
|  14|0x00000000d2200000, 0x00000000d2300000, 0x00000000d2300000|100%| O|  |TAMS 0x00000000d2200000, 0x00000000d2200000| Untracked 
|  15|0x00000000d2300000, 0x00000000d2400000, 0x00000000d2400000|100%| O|  |TAMS 0x00000000d2300000, 0x00000000d2300000| Untracked 
|  16|0x00000000d2400000, 0x00000000d2444200, 0x00000000d2500000| 26%| O|  |TAMS 0x00000000d2400000, 0x00000000d2400000| Untracked 
|  17|0x00000000d2500000, 0x00000000d2500000, 0x00000000d2600000|  0%| F|  |TAMS 0x00000000d2500000, 0x00000000d2500000| Untracked 
|  18|0x00000000d2600000, 0x00000000d2600000, 0x00000000d2700000|  0%| F|  |TAMS 0x00000000d2600000, 0x00000000d2600000| Untracked 
|  19|0x00000000d2700000, 0x00000000d2700000, 0x00000000d2800000|  0%| F|  |TAMS 0x00000000d2700000, 0x00000000d2700000| Untracked 
|  20|0x00000000d2800000, 0x00000000d2800000, 0x00000000d2900000|  0%| F|  |TAMS 0x00000000d2800000, 0x00000000d2800000| Untracked 
|  21|0x00000000d2900000, 0x00000000d2900000, 0x00000000d2a00000|  0%| F|  |TAMS 0x00000000d2900000, 0x00000000d2900000| Untracked 
|  22|0x00000000d2a00000, 0x00000000d2a00000, 0x00000000d2b00000|  0%| F|  |TAMS 0x00000000d2a00000, 0x00000000d2a00000| Untracked 
|  23|0x00000000d2b00000, 0x00000000d2b00000, 0x00000000d2c00000|  0%| F|  |TAMS 0x00000000d2b00000, 0x00000000d2b00000| Untracked 
|  24|0x00000000d2c00000, 0x00000000d2c00000, 0x00000000d2d00000|  0%| F|  |TAMS 0x00000000d2c00000, 0x00000000d2c00000| Untracked 
|  25|0x00000000d2d00000, 0x00000000d2d00000, 0x00000000d2e00000|  0%| F|  |TAMS 0x00000000d2d00000, 0x00000000d2d00000| Untracked 
|  26|0x00000000d2e00000, 0x00000000d2e96120, 0x00000000d2f00000| 58%| S|CS|TAMS 0x00000000d2e00000, 0x00000000d2e00000| Complete 
|  27|0x00000000d2f00000, 0x00000000d2f00000, 0x00000000d3000000|  0%| F|  |TAMS 0x00000000d2f00000, 0x00000000d2f00000| Untracked 
|  28|0x00000000d3000000, 0x00000000d3000000, 0x00000000d3100000|  0%| F|  |TAMS 0x00000000d3000000, 0x00000000d3000000| Untracked 
|  29|0x00000000d3100000, 0x00000000d3100000, 0x00000000d3200000|  0%| F|  |TAMS 0x00000000d3100000, 0x00000000d3100000| Untracked 
|  30|0x00000000d3200000, 0x00000000d3200000, 0x00000000d3300000|  0%| F|  |TAMS 0x00000000d3200000, 0x00000000d3200000| Untracked 
|  31|0x00000000d3300000, 0x00000000d3300000, 0x00000000d3400000|  0%| F|  |TAMS 0x00000000d3300000, 0x00000000d3300000| Untracked 
|  32|0x00000000d3400000, 0x00000000d3400000, 0x00000000d3500000|  0%| F|  |TAMS 0x00000000d3400000, 0x00000000d3400000| Untracked 
|  33|0x00000000d3500000, 0x00000000d3500000, 0x00000000d3600000|  0%| F|  |TAMS 0x00000000d3500000, 0x00000000d3500000| Untracked 
|  34|0x00000000d3600000, 0x00000000d3600000, 0x00000000d3700000|  0%| F|  |TAMS 0x00000000d3600000, 0x00000000d3600000| Untracked 
|  35|0x00000000d3700000, 0x00000000d3700000, 0x00000000d3800000|  0%| F|  |TAMS 0x00000000d3700000, 0x00000000d3700000| Untracked 
|  36|0x00000000d3800000, 0x00000000d3800000, 0x00000000d3900000|  0%| F|  |TAMS 0x00000000d3800000, 0x00000000d3800000| Untracked 
|  37|0x00000000d3900000, 0x00000000d3900000, 0x00000000d3a00000|  0%| F|  |TAMS 0x00000000d3900000, 0x00000000d3900000| Untracked 
|  38|0x00000000d3a00000, 0x00000000d3a00000, 0x00000000d3b00000|  0%| F|  |TAMS 0x00000000d3a00000, 0x00000000d3a00000| Untracked 
|  39|0x00000000d3b00000, 0x00000000d3b00000, 0x00000000d3c00000|  0%| F|  |TAMS 0x00000000d3b00000, 0x00000000d3b00000| Untracked 
|  40|0x00000000d3c00000, 0x00000000d3c00000, 0x00000000d3d00000|  0%| F|  |TAMS 0x00000000d3c00000, 0x00000000d3c00000| Untracked 
|  41|0x00000000d3d00000, 0x00000000d3d00000, 0x00000000d3e00000|  0%| F|  |TAMS 0x00000000d3d00000, 0x00000000d3d00000| Untracked 
|  42|0x00000000d3e00000, 0x00000000d3e00000, 0x00000000d3f00000|  0%| F|  |TAMS 0x00000000d3e00000, 0x00000000d3e00000| Untracked 
|  43|0x00000000d3f00000, 0x00000000d3f00000, 0x00000000d4000000|  0%| F|  |TAMS 0x00000000d3f00000, 0x00000000d3f00000| Untracked 
|  44|0x00000000d4000000, 0x00000000d4000000, 0x00000000d4100000|  0%| F|  |TAMS 0x00000000d4000000, 0x00000000d4000000| Untracked 
|  45|0x00000000d4100000, 0x00000000d4100000, 0x00000000d4200000|  0%| F|  |TAMS 0x00000000d4100000, 0x00000000d4100000| Untracked 
|  46|0x00000000d4200000, 0x00000000d4200000, 0x00000000d4300000|  0%| F|  |TAMS 0x00000000d4200000, 0x00000000d4200000| Untracked 
|  47|0x00000000d4300000, 0x00000000d4300000, 0x00000000d4400000|  0%| F|  |TAMS 0x00000000d4300000, 0x00000000d4300000| Untracked 

Card table byte_map: [0x0000025aa7300000,0x0000025aa7480000] _byte_map_base: 0x0000025aa6c76000

Marking Bits (Prev, Next): (CMBitMap*) 0x0000025a90bbe650, (CMBitMap*) 0x0000025a90bbe610
 Prev Bits: [0x0000025aa81b0000, 0x0000025aa8d60000)
 Next Bits: [0x0000025aa7600000, 0x0000025aa81b0000)

Polling page: 0x0000025a90360000

Metaspace:

Usage:
  Non-class:     22.33 MB used.
      Class:      3.13 MB used.
       Both:     25.46 MB used.

Virtual space:
  Non-class space:       24.00 MB reserved,      22.44 MB ( 93%) committed,  3 nodes.
      Class space:        1.00 GB reserved,       3.25 MB ( <1%) committed,  1 nodes.
              Both:        1.02 GB reserved,      25.69 MB (  2%) committed. 

Chunk freelists:
   Non-Class:  1.27 MB
       Class:  608.00 KB
        Both:  1.86 MB

MaxMetaspaceSize: 17179869184.00 GB
CompressedClassSpaceSize: 1.00 GB
 - commit_granule_bytes: 65536.
 - commit_granule_words: 8192.
 - virtual_space_node_default_size: 1048576.
 - enlarge_chunks_in_place: 1.
 - new_chunks_are_fully_committed: 0.
 - uncommit_free_chunks: 1.
 - use_allocation_guard: 0.
 - handle_deallocations: 1.


Internal statistics:

num_allocs_failed_limit: 3.
num_arena_births: 272.
num_arena_deaths: 0.
num_vsnodes_births: 4.
num_vsnodes_deaths: 0.
num_space_committed: 411.
num_space_uncommitted: 0.
num_chunks_returned_to_freelist: 3.
num_chunks_taken_from_freelist: 1207.
num_chunk_merges: 3.
num_chunk_splits: 800.
num_chunks_enlarged: 599.
num_purges: 0.

CodeHeap 'non-profiled nmethods': size=120000Kb used=1702Kb max_used=1702Kb free=118297Kb
 bounds [0x0000025a9fdd0000, 0x0000025aa0040000, 0x0000025aa7300000]
CodeHeap 'profiled nmethods': size=120000Kb used=8582Kb max_used=8582Kb free=111418Kb
 bounds [0x0000025a988a0000, 0x0000025a99110000, 0x0000025a9fdd0000]
CodeHeap 'non-nmethods': size=5760Kb used=1213Kb max_used=1249Kb free=4546Kb
 bounds [0x0000025a98300000, 0x0000025a98570000, 0x0000025a988a0000]
 total_blobs=4324 nmethods=3816 adapters=420
 compilation: enabled
              stopped_count=0, restarted_count=0
 full_count=0

Compilation events (20 events):
Event: 27.589 Thread 0x0000025aab2f3d60 3835   !   3       java.util.logging.LogManager::ensureLogManagerInitialized (144 bytes)
Event: 27.590 Thread 0x0000025aab2f3d60 nmethod 3835 0x0000025a990fdc10 code [0x0000025a990fdf20, 0x0000025a990ff178]
Event: 27.590 Thread 0x0000025aab2f3d60 3836       1       java.util.logging.Level::intValue (5 bytes)
Event: 27.591 Thread 0x0000025aab2f3d60 nmethod 3836 0x0000025a9ff78890 code [0x0000025a9ff78a20, 0x0000025a9ff78af8]
Event: 27.595 Thread 0x0000025aab2bbc80 3837       4       java.util.StringTokenizer::skipDelimiters (116 bytes)
Event: 27.599 Thread 0x0000025aab2bbc80 nmethod 3837 0x0000025a9ff78b90 code [0x0000025a9ff78d40, 0x0000025a9ff79088]
Event: 27.599 Thread 0x0000025aab2bbc80 3838       4       java.util.StringTokenizer::hasMoreTokens (29 bytes)
Event: 27.603 Thread 0x0000025aab2bbc80 nmethod 3838 0x0000025a9ff79310 code [0x0000025a9ff794c0, 0x0000025a9ff797e8]
Event: 27.605 Thread 0x0000025aab2bbc80 3839       4       java.util.Properties::loadConvert (544 bytes)
Event: 27.606 Thread 0x0000025aab2f3d60 3840       3       java.util.BitSet::expandTo (23 bytes)
Event: 27.606 Thread 0x0000025aab2f3d60 nmethod 3840 0x0000025a990ff710 code [0x0000025a990ff8c0, 0x0000025a990ffa68]
Event: 27.606 Thread 0x0000025aab2f3d60 3841       3       java.util.BitSet::set (58 bytes)
Event: 27.607 Thread 0x0000025aab2f3d60 nmethod 3841 0x0000025a990ffb10 code [0x0000025a990ffd80, 0x0000025a991005f8]
Event: 27.607 Thread 0x0000025aab2f3d60 3843       3       java.lang.StringBuilder::toString (35 bytes)
Event: 27.607 Thread 0x0000025aab2f3d60 nmethod 3843 0x0000025a99100990 code [0x0000025a99100b60, 0x0000025a99100e38]
Event: 27.607 Thread 0x0000025aab2f3d60 3842       3       java.util.Locale::hashCode (41 bytes)
Event: 27.607 Thread 0x0000025aab2f3d60 nmethod 3842 0x0000025a99100f10 code [0x0000025a991010c0, 0x0000025a991012d8]
Event: 27.613 Thread 0x0000025aab2f3d60 3844       3       java.io.FileDescriptor::<init> (17 bytes)
Event: 27.613 Thread 0x0000025aab2f3d60 nmethod 3844 0x0000025a99101410 code [0x0000025a991015c0, 0x0000025a99101738]
Event: 27.613 Thread 0x0000025aab2f3d60 3845       3       java.util.jar.Manifest::read (415 bytes)

GC Heap History (20 events):
Event: 19.925 GC heap after
{Heap after GC invocations=3 (full 0):
 garbage-first heap   total 49152K, used 7572K [0x00000000d1400000, 0x0000000100000000)
  region size 1024K, 1 young (1024K), 1 survivors (1024K)
 Metaspace       used 4309K, committed 4480K, reserved 1056768K
  class space    used 444K, committed 512K, reserved 1048576K
}
Event: 19.941 GC heap before
{Heap before GC invocations=3 (full 0):
 garbage-first heap   total 49152K, used 27028K [0x00000000d1400000, 0x0000000100000000)
  region size 1024K, 21 young (21504K), 1 survivors (1024K)
 Metaspace       used 4309K, committed 4480K, reserved 1056768K
  class space    used 444K, committed 512K, reserved 1048576K
}
Event: 19.943 GC heap after
{Heap after GC invocations=4 (full 0):
 garbage-first heap   total 49152K, used 7562K [0x00000000d1400000, 0x0000000100000000)
  region size 1024K, 1 young (1024K), 1 survivors (1024K)
 Metaspace       used 4309K, committed 4480K, reserved 1056768K
  class space    used 444K, committed 512K, reserved 1048576K
}
Event: 21.355 GC heap before
{Heap before GC invocations=4 (full 0):
 garbage-first heap   total 49152K, used 34186K [0x00000000d1400000, 0x0000000100000000)
  region size 1024K, 27 young (27648K), 1 survivors (1024K)
 Metaspace       used 10103K, committed 10304K, reserved 1064960K
  class space    used 1202K, committed 1280K, reserved 1048576K
}
Event: 21.359 GC heap after
{Heap after GC invocations=5 (full 0):
 garbage-first heap   total 49152K, used 9100K [0x00000000d1400000, 0x0000000100000000)
  region size 1024K, 3 young (3072K), 3 survivors (3072K)
 Metaspace       used 10103K, committed 10304K, reserved 1064960K
  class space    used 1202K, committed 1280K, reserved 1048576K
}
Event: 23.111 GC heap before
{Heap before GC invocations=5 (full 0):
 garbage-first heap   total 49152K, used 32652K [0x00000000d1400000, 0x0000000100000000)
  region size 1024K, 27 young (27648K), 3 survivors (3072K)
 Metaspace       used 14915K, committed 15168K, reserved 1064960K
  class space    used 1778K, committed 1920K, reserved 1048576K
}
Event: 23.117 GC heap after
{Heap after GC invocations=6 (full 0):
 garbage-first heap   total 49152K, used 10488K [0x00000000d1400000, 0x0000000100000000)
  region size 1024K, 4 young (4096K), 4 survivors (4096K)
 Metaspace       used 14915K, committed 15168K, reserved 1064960K
  class space    used 1778K, committed 1920K, reserved 1048576K
}
Event: 23.793 GC heap before
{Heap before GC invocations=6 (full 0):
 garbage-first heap   total 49152K, used 34040K [0x00000000d1400000, 0x0000000100000000)
  region size 1024K, 28 young (28672K), 4 survivors (4096K)
 Metaspace       used 15382K, committed 15616K, reserved 1064960K
  class space    used 1822K, committed 1920K, reserved 1048576K
}
Event: 23.800 GC heap after
{Heap after GC invocations=7 (full 0):
 garbage-first heap   total 49152K, used 11327K [0x00000000d1400000, 0x0000000100000000)
  region size 1024K, 3 young (3072K), 3 survivors (3072K)
 Metaspace       used 15382K, committed 15616K, reserved 1064960K
  class space    used 1822K, committed 1920K, reserved 1048576K
}
Event: 23.805 GC heap before
{Heap before GC invocations=7 (full 0):
 garbage-first heap   total 49152K, used 34879K [0x00000000d1400000, 0x0000000100000000)
  region size 1024K, 27 young (27648K), 3 survivors (3072K)
 Metaspace       used 15382K, committed 15616K, reserved 1064960K
  class space    used 1822K, committed 1920K, reserved 1048576K
}
Event: 23.808 GC heap after
{Heap after GC invocations=8 (full 0):
 garbage-first heap   total 49152K, used 11406K [0x00000000d1400000, 0x0000000100000000)
  region size 1024K, 1 young (1024K), 1 survivors (1024K)
 Metaspace       used 15382K, committed 15616K, reserved 1064960K
  class space    used 1822K, committed 1920K, reserved 1048576K
}
Event: 24.573 GC heap before
{Heap before GC invocations=8 (full 0):
 garbage-first heap   total 49152K, used 38030K [0x00000000d1400000, 0x0000000100000000)
  region size 1024K, 27 young (27648K), 1 survivors (1024K)
 Metaspace       used 17683K, committed 17920K, reserved 1064960K
  class space    used 2122K, committed 2240K, reserved 1048576K
}
Event: 24.576 GC heap after
{Heap after GC invocations=9 (full 0):
 garbage-first heap   total 49152K, used 12673K [0x00000000d1400000, 0x0000000100000000)
  region size 1024K, 3 young (3072K), 3 survivors (3072K)
 Metaspace       used 17683K, committed 17920K, reserved 1064960K
  class space    used 2122K, committed 2240K, reserved 1048576K
}
Event: 25.700 GC heap before
{Heap before GC invocations=9 (full 0):
 garbage-first heap   total 49152K, used 34177K [0x00000000d1400000, 0x0000000100000000)
  region size 1024K, 25 young (25600K), 3 survivors (3072K)
 Metaspace       used 21068K, committed 21248K, reserved 1073152K
  class space    used 2578K, committed 2688K, reserved 1048576K
}
Event: 25.706 GC heap after
{Heap after GC invocations=10 (full 0):
 garbage-first heap   total 49152K, used 14125K [0x00000000d1400000, 0x0000000100000000)
  region size 1024K, 3 young (3072K), 3 survivors (3072K)
 Metaspace       used 21068K, committed 21248K, reserved 1073152K
  class space    used 2578K, committed 2688K, reserved 1048576K
}
Event: 27.484 GC heap before
{Heap before GC invocations=11 (full 0):
 garbage-first heap   total 49152K, used 37677K [0x00000000d1400000, 0x0000000100000000)
  region size 1024K, 27 young (27648K), 3 survivors (3072K)
 Metaspace       used 25394K, committed 25664K, reserved 1073152K
  class space    used 3148K, committed 3264K, reserved 1048576K
}
Event: 27.493 GC heap after
{Heap after GC invocations=12 (full 0):
 garbage-first heap   total 49152K, used 16664K [0x00000000d1400000, 0x0000000100000000)
  region size 1024K, 4 young (4096K), 4 survivors (4096K)
 Metaspace       used 25394K, committed 25664K, reserved 1073152K
  class space    used 3148K, committed 3264K, reserved 1048576K
}
Event: 27.513 GC heap before
{Heap before GC invocations=12 (full 0):
 garbage-first heap   total 49152K, used 36120K [0x00000000d1400000, 0x0000000100000000)
  region size 1024K, 24 young (24576K), 4 survivors (4096K)
 Metaspace       used 25395K, committed 25664K, reserved 1073152K
  class space    used 3148K, committed 3264K, reserved 1048576K
}
Event: 27.520 GC heap after
{Heap after GC invocations=13 (full 0):
 garbage-first heap   total 49152K, used 17384K [0x00000000d1400000, 0x0000000100000000)
  region size 1024K, 1 young (1024K), 1 survivors (1024K)
 Metaspace       used 25395K, committed 25664K, reserved 1073152K
  class space    used 3148K, committed 3264K, reserved 1048576K
}
Event: 27.613 GC heap before
{Heap before GC invocations=13 (full 0):
 garbage-first heap   total 49152K, used 36840K [0x00000000d1400000, 0x0000000100000000)
  region size 1024K, 21 young (21504K), 1 survivors (1024K)
 Metaspace       used 26072K, committed 26304K, reserved 1073152K
  class space    used 3208K, committed 3328K, reserved 1048576K
}

Deoptimization events (20 events):
Event: 27.605 Thread 0x0000025aac83d390 Uncommon trap: trap_request=0xfffffff4 fr.pc=0x0000025a9fea7428 relative=0x00000000000061a8
Event: 27.605 Thread 0x0000025aac83d390 Uncommon trap: reason=null_check action=make_not_entrant pc=0x0000025a9fea7428 method=java.net.URL.getURLStreamHandler(Ljava/lang/String;)Ljava/net/URLStreamHandler; @ 7 c2
Event: 27.605 Thread 0x0000025aac83d390 DEOPT PACKING pc=0x0000025a9fea7428 sp=0x000000a8866fc2a0
Event: 27.605 Thread 0x0000025aac83d390 DEOPT UNPACKING pc=0x0000025a9834d72e sp=0x000000a8866fc1c8 mode 2
Event: 27.610 Thread 0x0000025aac83d390 Uncommon trap: trap_request=0xffffffde fr.pc=0x0000025a9feca48c relative=0x00000000000013ec
Event: 27.610 Thread 0x0000025aac83d390 Uncommon trap: reason=class_check action=maybe_recompile pc=0x0000025a9feca48c method=java.util.zip.InflaterInputStream.read([BII)I @ 100 c2
Event: 27.610 Thread 0x0000025aac83d390 DEOPT PACKING pc=0x0000025a9feca48c sp=0x000000a8866fc380
Event: 27.610 Thread 0x0000025aac83d390 DEOPT UNPACKING pc=0x0000025a9834d72e sp=0x000000a8866fc3d0 mode 2
Event: 27.610 Thread 0x0000025aac83d390 Uncommon trap: trap_request=0xffffffde fr.pc=0x0000025a9feca48c relative=0x00000000000013ec
Event: 27.610 Thread 0x0000025aac83d390 Uncommon trap: reason=class_check action=maybe_recompile pc=0x0000025a9feca48c method=java.util.zip.InflaterInputStream.read([BII)I @ 100 c2
Event: 27.610 Thread 0x0000025aac83d390 DEOPT PACKING pc=0x0000025a9feca48c sp=0x000000a8866fc1c0
Event: 27.610 Thread 0x0000025aac83d390 DEOPT UNPACKING pc=0x0000025a9834d72e sp=0x000000a8866fc210 mode 2
Event: 27.612 Thread 0x0000025aac83d390 Uncommon trap: trap_request=0xffffffde fr.pc=0x0000025a9feca48c relative=0x00000000000013ec
Event: 27.612 Thread 0x0000025aac83d390 Uncommon trap: reason=class_check action=maybe_recompile pc=0x0000025a9feca48c method=java.util.zip.InflaterInputStream.read([BII)I @ 100 c2
Event: 27.612 Thread 0x0000025aac83d390 DEOPT PACKING pc=0x0000025a9feca48c sp=0x000000a8866fc380
Event: 27.612 Thread 0x0000025aac83d390 DEOPT UNPACKING pc=0x0000025a9834d72e sp=0x000000a8866fc3d0 mode 2
Event: 27.612 Thread 0x0000025aac83d390 Uncommon trap: trap_request=0xffffffde fr.pc=0x0000025a9feca48c relative=0x00000000000013ec
Event: 27.612 Thread 0x0000025aac83d390 Uncommon trap: reason=class_check action=maybe_recompile pc=0x0000025a9feca48c method=java.util.zip.InflaterInputStream.read([BII)I @ 100 c2
Event: 27.612 Thread 0x0000025aac83d390 DEOPT PACKING pc=0x0000025a9feca48c sp=0x000000a8866fc1c0
Event: 27.612 Thread 0x0000025aac83d390 DEOPT UNPACKING pc=0x0000025a9834d72e sp=0x000000a8866fc210 mode 2

Classes unloaded (0 events):
No events

Classes redefined (0 events):
No events

Internal exceptions (20 events):
Event: 25.844 Thread 0x0000025aac83d390 Exception <a 'java/lang/ClassNotFoundException'{0x00000000d4111598}: org/springframework/beans/factory/BeanFactoryAwareCustomizer> (0x00000000d4111598) 
thrown [t:\workspace\open\src\hotspot\share\classfile\systemDictionary.cpp, line 256]
Event: 25.845 Thread 0x0000025aac83d390 Exception <a 'java/lang/ClassNotFoundException'{0x00000000d4116d10}: org/springframework/beans/factory/AwareCustomizer> (0x00000000d4116d10) 
thrown [t:\workspace\open\src\hotspot\share\classfile\systemDictionary.cpp, line 256]
Event: 25.845 Thread 0x0000025aac83d390 Exception <a 'java/lang/ClassNotFoundException'{0x00000000d411a840}: org/springframework/core/OrderedCustomizer> (0x00000000d411a840) 
thrown [t:\workspace\open\src\hotspot\share\classfile\systemDictionary.cpp, line 256]
Event: 25.847 Thread 0x0000025aac83d390 Exception <a 'java/lang/ClassNotFoundException'{0x00000000d411f3e8}: org/springframework/beans/factory/BeanClassLoaderAwareCustomizer> (0x00000000d411f3e8) 
thrown [t:\workspace\open\src\hotspot\share\classfile\systemDictionary.cpp, line 256]
Event: 25.847 Thread 0x0000025aac83d390 Exception <a 'java/lang/ClassNotFoundException'{0x00000000d4123fb8}: org/springframework/beans/factory/AwareCustomizer> (0x00000000d4123fb8) 
thrown [t:\workspace\open\src\hotspot\share\classfile\systemDictionary.cpp, line 256]
Event: 25.848 Thread 0x0000025aac83d390 Exception <a 'java/lang/ClassNotFoundException'{0x00000000d4128058}: org/springframework/aop/framework/AopInfrastructureBeanCustomizer> (0x00000000d4128058) 
thrown [t:\workspace\open\src\hotspot\share\classfile\systemDictionary.cpp, line 256]
Event: 25.990 Thread 0x0000025aac83d390 Exception <a 'java/lang/ClassNotFoundException'{0x00000000d3ea91c0}: java/lang/ObjectCustomizer> (0x00000000d3ea91c0) 
thrown [t:\workspace\open\src\hotspot\share\classfile\systemDictionary.cpp, line 256]
Event: 25.993 Thread 0x0000025aac83d390 Exception <a 'java/lang/ClassNotFoundException'{0x00000000d3eb18e0}: org/springframework/transaction/annotation/AbstractTransactionManagementConfigurationCustomizer> (0x00000000d3eb18e0) 
thrown [t:\workspace\open\src\hotspot\share\classfile\systemDictionary.cpp, line 256]
Event: 25.994 Thread 0x0000025aac83d390 Exception <a 'java/lang/ClassNotFoundException'{0x00000000d3eb9050}: org/springframework/transaction/annotation/ProxyTransactionManagementConfigurationCustomizer> (0x00000000d3eb9050) 
thrown [t:\workspace\open\src\hotspot\share\classfile\systemDictionary.cpp, line 256]
Event: 25.995 Thread 0x0000025aac83d390 Exception <a 'java/lang/ClassNotFoundException'{0x00000000d3ec17e0}: org/springframework/context/annotation/ImportAwareCustomizer> (0x00000000d3ec17e0) 
thrown [t:\workspace\open\src\hotspot\share\classfile\systemDictionary.cpp, line 256]
Event: 25.995 Thread 0x0000025aac83d390 Exception <a 'java/lang/ClassNotFoundException'{0x00000000d3ec6fc8}: org/springframework/beans/factory/AwareCustomizer> (0x00000000d3ec6fc8) 
thrown [t:\workspace\open\src\hotspot\share\classfile\systemDictionary.cpp, line 256]
Event: 26.187 Thread 0x0000025aac83d390 Exception <a 'java/lang/NoSuchMethodError'{0x00000000d3b6fa28}: 'int java.lang.invoke.DirectMethodHandle$Holder.invokeSpecial(java.lang.Object, java.lang.Object, java.lang.Object, java.lang.Object, java.lang.Object)'> (0x00000000d3b6fa28) 
thrown [t:\workspace\open\src\hotspot\share\interpreter\linkResolver.cpp, line 790]
Event: 26.270 Thread 0x0000025aac83d390 Implicit null exception at 0x0000025a9ff0a4da to 0x0000025a9ff0a710
Event: 26.317 Thread 0x0000025aac83d390 Exception <a 'java/lang/NoSuchMethodError'{0x00000000d386b290}: 'void java.lang.invoke.DirectMethodHandle$Holder.invokeInterface(java.lang.Object, java.lang.Object, int)'> (0x00000000d386b290) 
thrown [t:\workspace\open\src\hotspot\share\interpreter\linkResolver.cpp, line 790]
Event: 26.326 Thread 0x0000025aac83d390 Exception <a 'java/lang/IncompatibleClassChangeError'{0x00000000d38be2e8}: Found class java.lang.Object, but interface was expected> (0x00000000d38be2e8) 
thrown [t:\workspace\open\src\hotspot\share\interpreter\linkResolver.cpp, line 857]
Event: 26.326 Thread 0x0000025aac83d390 Exception <a 'java/lang/NoSuchMethodError'{0x00000000d38c38b8}: 'void java.lang.invoke.DirectMethodHandle$Holder.invokeStatic(java.lang.Object, int, java.lang.Object)'> (0x00000000d38c38b8) 
thrown [t:\workspace\open\src\hotspot\share\interpreter\linkResolver.cpp, line 790]
Event: 26.335 Thread 0x0000025aac83d390 Exception <a 'java/lang/NoSuchMethodError'{0x00000000d38f3128}: 'int java.lang.invoke.DirectMethodHandle$Holder.invokeSpecial(java.lang.Object, java.lang.Object, int)'> (0x00000000d38f3128) 
thrown [t:\workspace\open\src\hotspot\share\interpreter\linkResolver.cpp, line 790]
Event: 26.532 Thread 0x0000025aac83d390 Exception <a 'java/lang/NoSuchMethodError'{0x00000000d34d7248}: 'java.lang.Object java.lang.invoke.DirectMethodHandle$Holder.invokeStaticInit(java.lang.Object, int, int, int, int)'> (0x00000000d34d7248) 
thrown [t:\workspace\open\src\hotspot\share\interpreter\linkResolver.cpp, line 790]
Event: 27.105 Thread 0x0000025aac83d390 Exception <a 'java/lang/NoSuchMethodError'{0x00000000d3365828}: 'java.lang.Object java.lang.invoke.DirectMethodHandle$Holder.invokeStaticInit(java.lang.Object, java.lang.Object, int, int, int, int)'> (0x00000000d3365828) 
thrown [t:\workspace\open\src\hotspot\share\interpreter\linkResolver.cpp, line 790]
Event: 27.605 Thread 0x0000025aac83d390 Implicit null exception at 0x0000025a9fea2d08 to 0x0000025a9fea7418

Events (20 events):
Event: 27.599 loading class sun/util/resources/OpenListResourceBundle done
Event: 27.599 loading class sun/util/resources/TimeZoneNamesBundle done
Event: 27.599 loading class sun/util/resources/cldr/TimeZoneNames done
Event: 27.599 loading class sun/util/resources/cldr/TimeZoneNames_en
Event: 27.601 loading class sun/util/resources/cldr/TimeZoneNames_en done
Event: 27.601 loading class sun/util/resources/cldr/TimeZoneNames_en_US
Event: 27.601 loading class sun/util/resources/cldr/TimeZoneNames_en_US done
Event: 27.602 loading class sun/util/resources/TimeZoneNames
Event: 27.603 loading class sun/util/resources/TimeZoneNames done
Event: 27.603 loading class sun/util/resources/TimeZoneNames_en
Event: 27.603 loading class sun/util/resources/TimeZoneNames_en done
Event: 27.608 loading class java/util/jar/JarInputStream
Event: 27.608 loading class java/util/zip/ZipInputStream
Event: 27.609 loading class java/util/zip/ZipInputStream done
Event: 27.609 loading class java/util/jar/JarInputStream done
Event: 27.609 loading class java/io/PushbackInputStream
Event: 27.609 loading class java/io/PushbackInputStream done
Event: 27.610 loading class sun/security/util/ManifestEntryVerifier
Event: 27.610 loading class sun/security/util/ManifestEntryVerifier done
Event: 27.613 Executing  VM operation: G1CollectForAllocation


Dynamic libraries:
0x00007ff7d9dd0000 - 0x00007ff7d9de0000 	C:\Program Files\Java\jdk-16.0.1\bin\javaw.exe
0x00007ffcc1f50000 - 0x00007ffcc2147000 	C:\WINDOWS\SYSTEM32\ntdll.dll
0x00007ffc908e0000 - 0x00007ffc908f7000 	C:\Program Files\AVG\Antivirus\aswhook.dll
0x00007ffcc1e50000 - 0x00007ffcc1f0d000 	C:\WINDOWS\System32\KERNEL32.DLL
0x00007ffcbf850000 - 0x00007ffcbfb1d000 	C:\WINDOWS\System32\KERNELBASE.dll
0x00007ffcbfca0000 - 0x00007ffcbfda0000 	C:\WINDOWS\System32\ucrtbase.dll
0x00007ffcae760000 - 0x00007ffcae778000 	C:\Program Files\Java\jdk-16.0.1\bin\jli.dll
0x00007ffcb5640000 - 0x00007ffcb5659000 	C:\Program Files\Java\jdk-16.0.1\bin\VCRUNTIME140.dll
0x00007ffcc1c60000 - 0x00007ffcc1d0e000 	C:\WINDOWS\System32\ADVAPI32.dll
0x00007ffcc1460000 - 0x00007ffcc14fe000 	C:\WINDOWS\System32\msvcrt.dll
0x00007ffcc1a80000 - 0x00007ffcc1b1c000 	C:\WINDOWS\System32\sechost.dll
0x00007ffcc0d80000 - 0x00007ffcc0ea5000 	C:\WINDOWS\System32\RPCRT4.dll
0x00007ffcc0040000 - 0x00007ffcc01e0000 	C:\WINDOWS\System32\USER32.dll
0x00007ffcbfb20000 - 0x00007ffcbfb42000 	C:\WINDOWS\System32\win32u.dll
0x00007ffcad930000 - 0x00007ffcadbca000 	C:\WINDOWS\WinSxS\amd64_microsoft.windows.common-controls_6595b64144ccf1df_6.0.19041.1110_none_60b5254171f9507e\COMCTL32.dll
0x00007ffcc0010000 - 0x00007ffcc003a000 	C:\WINDOWS\System32\GDI32.dll
0x00007ffcbf740000 - 0x00007ffcbf84b000 	C:\WINDOWS\System32\gdi32full.dll
0x00007ffcbf670000 - 0x00007ffcbf70d000 	C:\WINDOWS\System32\msvcp_win.dll
0x00007ffcb8150000 - 0x00007ffcb815a000 	C:\WINDOWS\SYSTEM32\VERSION.dll
0x00007ffcc1930000 - 0x00007ffcc1960000 	C:\WINDOWS\System32\IMM32.DLL
0x00007ffcb78c0000 - 0x00007ffcb78cc000 	C:\Program Files\Java\jdk-16.0.1\bin\vcruntime140_1.dll
0x00007ffca7a70000 - 0x00007ffca7b01000 	C:\Program Files\Java\jdk-16.0.1\bin\msvcp140.dll
0x00007ffc5da50000 - 0x00007ffc5e5fb000 	C:\Program Files\Java\jdk-16.0.1\bin\server\jvm.dll
0x00007ffcc0b30000 - 0x00007ffcc0b38000 	C:\WINDOWS\System32\PSAPI.DLL
0x00007ffcad370000 - 0x00007ffcad379000 	C:\WINDOWS\SYSTEM32\WSOCK32.dll
0x00007ffc9d9c0000 - 0x00007ffc9d9e7000 	C:\WINDOWS\SYSTEM32\WINMM.dll
0x00007ffcc1960000 - 0x00007ffcc19cb000 	C:\WINDOWS\System32\WS2_32.dll
0x00007ffcbd570000 - 0x00007ffcbd582000 	C:\WINDOWS\SYSTEM32\kernel.appcore.dll
0x00007ffcb7a60000 - 0x00007ffcb7a6a000 	C:\Program Files\Java\jdk-16.0.1\bin\jimage.dll
0x00007ffcb5b30000 - 0x00007ffcb5d14000 	C:\WINDOWS\SYSTEM32\DBGHELP.DLL
0x00007ffcb5960000 - 0x00007ffcb598c000 	C:\WINDOWS\SYSTEM32\dbgcore.DLL
0x00007ffcbfb50000 - 0x00007ffcbfbd2000 	C:\WINDOWS\System32\bcryptPrimitives.dll
0x00007ffcac0f0000 - 0x00007ffcac115000 	C:\Program Files\Java\jdk-16.0.1\bin\java.dll
0x00007ffcc01e0000 - 0x00007ffcc0924000 	C:\WINDOWS\System32\SHELL32.dll
0x00007ffcbd770000 - 0x00007ffcbdf04000 	C:\WINDOWS\SYSTEM32\windows.storage.dll
0x00007ffcc15d0000 - 0x00007ffcc1924000 	C:\WINDOWS\System32\combase.dll
0x00007ffcbf000000 - 0x00007ffcbf02c000 	C:\WINDOWS\SYSTEM32\Wldp.dll
0x00007ffcc19d0000 - 0x00007ffcc1a7d000 	C:\WINDOWS\System32\SHCORE.dll
0x00007ffcc0990000 - 0x00007ffcc09e5000 	C:\WINDOWS\System32\shlwapi.dll
0x00007ffcbf5b0000 - 0x00007ffcbf5cf000 	C:\WINDOWS\SYSTEM32\profapi.dll
0x00007ffcb7a40000 - 0x00007ffcb7a59000 	C:\Program Files\Java\jdk-16.0.1\bin\net.dll
0x00007ffcb51a0000 - 0x00007ffcb52aa000 	C:\WINDOWS\SYSTEM32\WINHTTP.dll
0x00007ffcbed60000 - 0x00007ffcbedca000 	C:\WINDOWS\system32\mswsock.dll
0x00007ffcabeb0000 - 0x00007ffcabec3000 	C:\Program Files\Java\jdk-16.0.1\bin\nio.dll
0x00007ffcabe90000 - 0x00007ffcabea8000 	C:\Program Files\Java\jdk-16.0.1\bin\zip.dll
0x00007ffcb42d0000 - 0x00007ffcb42e0000 	C:\Program Files\Java\jdk-16.0.1\bin\verify.dll
0x00007ffcac5e0000 - 0x00007ffcac5e9000 	C:\Program Files\Java\jdk-16.0.1\bin\management.dll
0x00007ffcac0e0000 - 0x00007ffcac0eb000 	C:\Program Files\Java\jdk-16.0.1\bin\management_ext.dll
0x00007ffc9da60000 - 0x00007ffc9da77000 	C:\WINDOWS\system32\napinsp.dll
0x00007ffc9da40000 - 0x00007ffc9da5b000 	C:\WINDOWS\system32\pnrpnsp.dll
0x00007ffcba120000 - 0x00007ffcba135000 	C:\WINDOWS\system32\wshbth.dll
0x00007ffcbaf90000 - 0x00007ffcbafad000 	C:\WINDOWS\system32\NLAapi.dll
0x00007ffcbea50000 - 0x00007ffcbea8b000 	C:\WINDOWS\SYSTEM32\IPHLPAPI.DLL
0x00007ffcbea90000 - 0x00007ffcbeb5b000 	C:\WINDOWS\SYSTEM32\DNSAPI.dll
0x00007ffcc09f0000 - 0x00007ffcc09f8000 	C:\WINDOWS\System32\NSI.dll
0x00007ffc9da20000 - 0x00007ffc9da32000 	C:\WINDOWS\System32\winrnr.dll
0x00007ffcb4ec0000 - 0x00007ffcb4eca000 	C:\Windows\System32\rasadhlp.dll
0x00007ffcb4c10000 - 0x00007ffcb4c90000 	C:\WINDOWS\System32\fwpuclnt.dll
0x00007ffcbf710000 - 0x00007ffcbf737000 	C:\WINDOWS\System32\bcrypt.dll
0x00007ffcbef60000 - 0x00007ffcbef78000 	C:\WINDOWS\SYSTEM32\CRYPTSP.dll
0x00007ffcbe6e0000 - 0x00007ffcbe714000 	C:\WINDOWS\system32\rsaenh.dll
0x00007ffcbf570000 - 0x00007ffcbf59e000 	C:\WINDOWS\SYSTEM32\USERENV.dll
0x00007ffcbef50000 - 0x00007ffcbef5c000 	C:\WINDOWS\SYSTEM32\CRYPTBASE.dll
0x00007ffcb6fe0000 - 0x00007ffcb6ff7000 	C:\WINDOWS\SYSTEM32\dhcpcsvc6.DLL
0x00007ffcb66e0000 - 0x00007ffcb66fd000 	C:\WINDOWS\SYSTEM32\dhcpcsvc.DLL

dbghelp: loaded successfully - version: 4.0.5 - missing functions: none
symbol engine: initialized successfully - sym options: 0x614 - pdb path: .;C:\Program Files\Java\jdk-16.0.1\bin;C:\WINDOWS\SYSTEM32;C:\Program Files\AVG\Antivirus;C:\WINDOWS\WinSxS\amd64_microsoft.windows.common-controls_6595b64144ccf1df_6.0.19041.1110_none_60b5254171f9507e;C:\Program Files\Java\jdk-16.0.1\bin\server

VM Arguments:
jvm_args: -Dfile.encoding=UTF-8 -XX:+ShowCodeDetailsInExceptionMessages 
java_command: com.medplus.online_shopping.OnlineShoppingApplication
java_class_path (initial): D:\online-shopping\target\classes;C:\Users\HP\.m2\repository\org\springframework\boot\spring-boot-devtools\2.4.0\spring-boot-devtools-2.4.0.jar;C:\Users\HP\.m2\repository\org\springframework\boot\spring-boot\2.4.0\spring-boot-2.4.0.jar;C:\Users\HP\.m2\repository\org\springframework\spring-context\5.3.1\spring-context-5.3.1.jar;C:\Users\HP\.m2\repository\org\springframework\boot\spring-boot-autoconfigure\2.4.0\spring-boot-autoconfigure-2.4.0.jar;C:\Users\HP\.m2\repository\org\springframework\boot\spring-boot-starter-web\2.4.0\spring-boot-starter-web-2.4.0.jar;C:\Users\HP\.m2\repository\org\springframework\boot\spring-boot-starter\2.4.0\spring-boot-starter-2.4.0.jar;C:\Users\HP\.m2\repository\org\springframework\boot\spring-boot-starter-logging\2.4.0\spring-boot-starter-logging-2.4.0.jar;C:\Users\HP\.m2\repository\ch\qos\logback\logback-classic\1.2.3\logback-classic-1.2.3.jar;C:\Users\HP\.m2\repository\ch\qos\logback\logback-core\1.2.3\logback-core-1.2.3.jar;C:\Users\HP\.m2\repository\org\apache\logging\log4j\log4j-to-slf4j\2.13.3\log4j-to-slf4j-2.13.3.jar;C:\Users\HP\.m2\repository\org\apache\logging\log4j\log4j-api\2.13.3\log4j-api-2.13.3.jar;C:\Users\HP\.m2\repository\org\slf4j\jul-to-slf4j\1.7.30\jul-to-slf4j-1.7.30.jar;C:\Users\HP\.m2\repository\jakarta\annotation\jakarta.annotation-api\1.3.5\jakarta.annotation-api-1.3.5.jar;C:\Users\HP\.m2\repository\org\yaml\snakeyaml\1.27\snakeyaml-1.27.jar;C:\Users\HP\.m2\repository\org\springframework\boot\spring-boot-starter-json\2.4.0\spring-boot-starter-json-2.4.0.jar;C:\Users\HP\.m2\repository\com\fasterxml\jackson\core\jackson-databind\2.11.3\jackson-databind-2.11.3.jar;C:\Users\HP\.m2\repository\com\fasterxml\jackson\core\jackson-core\2.11.3\jackson-core-2.11.3.jar;C:\Users\HP\.m2\repository\com\fasterxml\jackson\datatype\jackson-datatype-jdk8\2.11.3\jackson-datatype-jdk8-2.11.3.jar;C:\Users\HP\.m2\repository\com\fasterxml\jackson\datatype\jackson-datatype-jsr310\2.11.3\jackson-datatype-jsr
Launcher Type: SUN_STANDARD

[Global flags]
     intx CICompilerCount                          = 3                                         {product} {ergonomic}
     uint ConcGCThreads                            = 1                                         {product} {ergonomic}
     uint G1ConcRefinementThreads                  = 4                                         {product} {ergonomic}
   size_t G1HeapRegionSize                         = 1048576                                   {product} {ergonomic}
    uintx GCDrainStackTargetSize                   = 64                                        {product} {ergonomic}
   size_t InitialHeapSize                          = 50331648                                  {product} {ergonomic}
   size_t MarkStackSize                            = 4194304                                   {product} {ergonomic}
   size_t MaxHeapSize                              = 784334848                                 {product} {ergonomic}
   size_t MaxNewSize                               = 469762048                                 {product} {ergonomic}
   size_t MinHeapDeltaBytes                        = 1048576                                   {product} {ergonomic}
   size_t MinHeapSize                              = 8388608                                   {product} {ergonomic}
    uintx NonNMethodCodeHeapSize                   = 5832780                                {pd product} {ergonomic}
    uintx NonProfiledCodeHeapSize                  = 122912730                              {pd product} {ergonomic}
    uintx ProfiledCodeHeapSize                     = 122912730                              {pd product} {ergonomic}
    uintx ReservedCodeCacheSize                    = 251658240                              {pd product} {ergonomic}
     bool SegmentedCodeCache                       = true                                      {product} {ergonomic}
     bool ShowCodeDetailsInExceptionMessages       = true                                   {manageable} {command line}
   size_t SoftMaxHeapSize                          = 784334848                              {manageable} {ergonomic}
     bool UseCompressedClassPointers               = true                           {product lp64_product} {ergonomic}
     bool UseCompressedOops                        = true                           {product lp64_product} {ergonomic}
     bool UseG1GC                                  = true                                      {product} {ergonomic}
     bool UseLargePagesIndividualAllocation        = false                                  {pd product} {ergonomic}

Logging:
Log output configuration:
 #0: stdout all=warning uptime,level,tags
 #1: stderr all=off uptime,level,tags

Environment Variables:
PATH=C:/Program Files/Java/jdk-16.0.1/bin/server;C:/Program Files/Java/jdk-16.0.1/bin;C:\Program Files\Common Files\Oracle\Java\javapath;C:\Program Files (x86)\Common Files\Oracle\Java\javapath;D:\oracle\product\10.2.0\db_4\bin;D:\oracle\product\10.2.0\db_2\bin;D:\oracle\product\10.2.0\db_1\bin;C:\Program Files\Java\jdk-16.0.1\bin;C:\Program Files\Java\jdk-16.0.1\bin;C:\src\flutter_windows_2.10.3-stable\flutter\bin;C:\Program Files\Git\cmd;C:\Program Files\Git\bin\git.exe;C:\Windows\SysWOW64;C:\Windows\System32\WindowsPowerShell\v1.0;C:\Users\HP\AppData\Local\Android\Sdk\emulator;C:\Program Files\nodejs\;C:\Program Files\MySQL\MySQL Shell 8.0\bin\;C:\Users\HP\AppData\Local\Microsoft\WindowsApps;C:\Users\HP\AppData\Local\Programs\Microsoft VS Code\bin;C:\Program Files (x86)\mingw-w64\i686-8.1.0-posix-dwarf-rt_v6-rev0\mingw32\bin;C:\Program Files (x86)\mingw-w64\i686-8.1.0-posix-dwarf-rt_v6-rev0\mingw32\lib\gcc\i686-w64-mingw32\8.1.0;C:\MinGW;C:\Program Files\JetBrains\IntelliJ IDEA Community Edition 2021.1.1\bin;;C:\Windows\SysWOW64;C:\Program Files\Git\cmd;C:\Program Files\Git\bin\git.exe;C:\src\flutter_windows_2.10.3-stable\flutter\bin;C:\Windows\System32\WindowsPowerShell\v1.0;C:\Users\HP\AppData\Roaming\npm;C:\WINDOWS\system32;
USERNAME=HP
OS=Windows_NT
PROCESSOR_IDENTIFIER=Intel64 Family 6 Model 69 Stepping 1, GenuineIntel



---------------  S Y S T E M  ---------------

OS:
 Windows 10 , 64 bit Build 19041 (10.0.19041.1741)
OS uptime: 0 days 21:02 hours

CPU: total 4 (initial active 4) (2 cores per cpu, 2 threads per core) family 6 model 69 stepping 1 microcode 0x26, cx8, cmov, fxsr, ht, mmx, sse, sse2, sse3, ssse3, sse4.1, sse4.2, popcnt, lzcnt, tsc, tscinvbit, avx, avx2, aes, erms, clmul, bmi1, bmi2, fma, vzeroupper, clflush

Memory: 4k page, system-wide physical 2987M (127M free)
TotalPageFile size 9987M (AvailPageFile size 8M)
current process WorkingSet (physical memory assigned to process): 148M, peak: 148M
current process commit charge ("private bytes"): 184M, peak: 255M

vm_info: Java HotSpot(TM) 64-Bit Server VM (16.0.1+9-24) for windows-amd64 JRE (16.0.1+9-24), built on Mar 26 2021 19:31:42 by "mach5one" with MS VC++ 16.7 (VS2019)

END.
